# JRE version: OpenJDK Runtime Environment Microsoft-9889599 (17.0.12+7) (build 17.0.12+7-LTS)
# Java VM: OpenJDK 64-Bit Server VM Microsoft-9889599 (17.0.12+7-LTS, mixed mode, sharing, tiered, compressed oops, compressed class ptrs, g1 gc, windows-amd64)
GC Precious Log:
 CPUs: 12 total, 12 available
 Memory: 15761M
 Large Page Support: Disabled
 NUMA Support: Disabled
 Compressed Oops: Enabled (Zero based)
 Heap Region Size: 2M
 Heap Min Capacity: 8M
 Heap Initial Capacity: 248M
 Heap Max Capacity: 4G
 Pre-touch: Disabled
 Parallel Workers: 10
 Concurrent Workers: 3
 Concurrent Refinement Workers: 10
 Periodic GC: Disabled
Heap:
 garbage-first heap   total 366592K, used 209803K [0x0000000700000000, 0x0000000800000000)
  region size 2048K, 4 young (8192K), 4 survivors (8192K)
 Metaspace       used 151898K, committed 153024K, reserved 1245184K
  class space    used 19768K, committed 20288K, reserved 1048576K
GC Heap History (20 events):
Event: 68.977 GC heap after
{Heap after GC invocations=58 (full 0):
 garbage-first heap   total 350208K, used 179069K [0x0000000700000000, 0x0000000800000000)
  region size 2048K, 1 young (2048K), 1 survivors (2048K)
 Metaspace       used 135337K, committed 136320K, reserved 1179648K
  class space    used 17320K, committed 17792K, reserved 1048576K
}
Event: 70.276 GC heap before
{Heap before GC invocations=58 (full 0):
 garbage-first heap   total 350208K, used 287613K [0x0000000700000000, 0x0000000800000000)
  region size 2048K, 54 young (110592K), 1 survivors (2048K)
 Metaspace       used 142067K, committed 143040K, reserved 1179648K
  class space    used 18293K, committed 18752K, reserved 1048576K
}
Event: 70.282 GC heap after
{Heap after GC invocations=59 (full 0):
 garbage-first heap   total 350208K, used 184776K [0x0000000700000000, 0x0000000800000000)
  region size 2048K, 4 young (8192K), 4 survivors (8192K)
 Metaspace       used 142067K, committed 143040K, reserved 1179648K
  class space    used 18293K, committed 18752K, reserved 1048576K
}
Event: 71.716 GC heap before
{Heap before GC invocations=60 (full 0):
 garbage-first heap   total 350208K, used 289224K [0x0000000700000000, 0x0000000800000000)
  region size 2048K, 55 young (112640K), 4 survivors (8192K)
 Metaspace       used 148519K, committed 149568K, reserved 1179648K
  class space    used 19361K, committed 19840K, reserved 1048576K
}
Event: 71.723 GC heap after
{Heap after GC invocations=61 (full 0):
 garbage-first heap   total 350208K, used 192810K [0x0000000700000000, 0x0000000800000000)
  region size 2048K, 7 young (14336K), 7 survivors (14336K)
 Metaspace       used 148519K, committed 149568K, reserved 1179648K
  class space    used 19361K, committed 19840K, reserved 1048576K
}
Event: 71.739 GC heap before
{Heap before GC invocations=61 (full 0):
 garbage-first heap   total 350208K, used 194858K [0x0000000700000000, 0x0000000800000000)
  region size 2048K, 8 young (16384K), 7 survivors (14336K)
 Metaspace       used 148530K, committed 149568K, reserved 1179648K
  class space    used 19361K, committed 19840K, reserved 1048576K
}
Event: 71.746 GC heap after
{Heap after GC invocations=62 (full 0):
 garbage-first heap   total 350208K, used 176292K [0x0000000700000000, 0x0000000800000000)
  region size 2048K, 1 young (2048K), 1 survivors (2048K)
 Metaspace       used 148530K, committed 149568K, reserved 1179648K
  class space    used 19361K, committed 19840K, reserved 1048576K
}
Event: 72.844 GC heap before
{Heap before GC invocations=62 (full 0):
 garbage-first heap   total 350208K, used 284836K [0x0000000700000000, 0x0000000800000000)
  region size 2048K, 55 young (112640K), 1 survivors (2048K)
 Metaspace       used 149403K, committed 150464K, reserved 1179648K
  class space    used 19446K, committed 19904K, reserved 1048576K
}
Event: 72.848 GC heap after
{Heap after GC invocations=63 (full 0):
 garbage-first heap   total 350208K, used 182436K [0x0000000700000000, 0x0000000800000000)
  region size 2048K, 4 young (8192K), 4 survivors (8192K)
 Metaspace       used 149403K, committed 150464K, reserved 1179648K
  class space    used 19446K, committed 19904K, reserved 1048576K
}
Event: 73.528 GC heap before
{Heap before GC invocations=64 (full 0):
 garbage-first heap   total 350208K, used 286884K [0x0000000700000000, 0x0000000800000000)
  region size 2048K, 55 young (112640K), 4 survivors (8192K)
 Metaspace       used 150672K, committed 151744K, reserved 1245184K
  class space    used 19639K, committed 20096K, reserved 1048576K
}
Event: 73.532 GC heap after
{Heap after GC invocations=65 (full 0):
 garbage-first heap   total 350208K, used 187517K [0x0000000700000000, 0x0000000800000000)
  region size 2048K, 3 young (6144K), 3 survivors (6144K)
 Metaspace       used 150672K, committed 151744K, reserved 1245184K
  class space    used 19639K, committed 20096K, reserved 1048576K
}
Event: 73.559 GC heap before
{Heap before GC invocations=65 (full 0):
 garbage-first heap   total 350208K, used 197757K [0x0000000700000000, 0x0000000800000000)
  region size 2048K, 8 young (16384K), 3 survivors (6144K)
 Metaspace       used 150696K, committed 151872K, reserved 1245184K
  class space    used 19640K, committed 20160K, reserved 1048576K
}
Event: 73.562 GC heap after
{Heap after GC invocations=66 (full 0):
 garbage-first heap   total 350208K, used 185440K [0x0000000700000000, 0x0000000800000000)
  region size 2048K, 1 young (2048K), 1 survivors (2048K)
 Metaspace       used 150696K, committed 151872K, reserved 1245184K
  class space    used 19640K, committed 20160K, reserved 1048576K
}
Event: 74.329 GC heap before
{Heap before GC invocations=66 (full 0):
 garbage-first heap   total 350208K, used 285792K [0x0000000700000000, 0x0000000800000000)
  region size 2048K, 51 young (104448K), 1 survivors (2048K)
 Metaspace       used 151081K, committed 152192K, reserved 1245184K
  class space    used 19680K, committed 20160K, reserved 1048576K
}
Event: 74.333 GC heap after
{Heap after GC invocations=67 (full 0):
 garbage-first heap   total 350208K, used 194870K [0x0000000700000000, 0x0000000800000000)
  region size 2048K, 6 young (12288K), 6 survivors (12288K)
 Metaspace       used 151081K, committed 152192K, reserved 1245184K
  class space    used 19680K, committed 20160K, reserved 1048576K
}
Event: 75.187 GC heap before
{Heap before GC invocations=68 (full 0):
 garbage-first heap   total 366592K, used 287030K [0x0000000700000000, 0x0000000800000000)
  region size 2048K, 50 young (102400K), 6 survivors (12288K)
 Metaspace       used 151437K, committed 152576K, reserved 1245184K
  class space    used 19712K, committed 20224K, reserved 1048576K
}
Event: 75.192 GC heap after
{Heap after GC invocations=69 (full 0):
 garbage-first heap   total 366592K, used 204551K [0x0000000700000000, 0x0000000800000000)
  region size 2048K, 4 young (8192K), 4 survivors (8192K)
 Metaspace       used 151437K, committed 152576K, reserved 1245184K
  class space    used 19712K, committed 20224K, reserved 1048576K
}
Event: 75.247 GC heap before
{Heap before GC invocations=69 (full 0):
 garbage-first heap   total 366592K, used 212743K [0x0000000700000000, 0x0000000800000000)
  region size 2048K, 8 young (16384K), 4 survivors (8192K)
 Metaspace       used 151526K, committed 152640K, reserved 1245184K
  class space    used 19721K, committed 20224K, reserved 1048576K
}
Event: 75.251 GC heap after
{Heap after GC invocations=70 (full 0):
 garbage-first heap   total 366592K, used 203705K [0x0000000700000000, 0x0000000800000000)
  region size 2048K, 1 young (2048K), 1 survivors (2048K)
 Metaspace       used 151526K, committed 152640K, reserved 1245184K
  class space    used 19721K, committed 20224K, reserved 1048576K
}
Event: 75.672 GC heap before
{Heap before GC invocations=70 (full 0):
 garbage-first heap   total 366592K, used 302009K [0x0000000700000000, 0x0000000800000000)
  region size 2048K, 49 young (100352K), 1 survivors (2048K)
 Metaspace       used 151898K, committed 153024K, reserved 1245184K
  class space    used 19768K, committed 20288K, reserved 1048576K
}

