# JRE version: OpenJDK Runtime Environment Temurin-17.0.12+7 (17.0.12+7) (build 17.0.12+7)
# Java VM: OpenJDK 64-Bit Server VM Temurin-17.0.12+7 (17.0.12+7, mixed mode, tiered, compressed oops, compressed class ptrs, parallel gc, windows-amd64)
GC Precious Log:
 CPUs: 12 total, 12 available
 Memory: 15761M
 Large Page Support: Disabled
 NUMA Support: Disabled
 Compressed Oops: Enabled (32-bit)
 Alignments: Space 512K, Generation 512K, Heap 2M
 Heap Min Capacity: 100M
 Heap Initial Capacity: 100M
 Heap Max Capacity: 1G
 Pre-touch: Disabled
 Parallel Workers: 10
Heap:
 PSYoungGen      total 47616K, used 40156K [0x00000000eab00000, 0x00000000f0300000, 0x0000000100000000)
  eden space 33280K, 87% used [0x00000000eab00000,0x00000000ec78d9d8,0x00000000ecb80000)
  from space 14336K, 76% used [0x00000000ecb80000,0x00000000ed6298c8,0x00000000ed980000)
  to   space 26624K, 0% used [0x00000000ee900000,0x00000000ee900000,0x00000000f0300000)
 ParOldGen       total 322560K, used 265056K [0x00000000c0000000, 0x00000000d3b00000, 0x00000000eab00000)
  object space 322560K, 82% used [0x00000000c0000000,0x00000000d02d82d0,0x00000000d3b00000)
 Metaspace       used 68589K, committed 69696K, reserved 1114112K
  class space    used 7889K, committed 8320K, reserved 1048576K
GC Heap History (20 events):
Event: 18.917 GC heap before
{Heap before GC invocations=188 (full 10):
 PSYoungGen      total 24064K, used 23596K [0x00000000eab00000, 0x00000000ec780000, 0x0000000100000000)
  eden space 19456K, 100% used [0x00000000eab00000,0x00000000ebe00000,0x00000000ebe00000)
  from space 4608K, 89% used [0x00000000ec300000,0x00000000ec70b3d0,0x00000000ec780000)
  to   space 4608K, 0% used [0x00000000ebe80000,0x00000000ebe80000,0x00000000ec300000)
 ParOldGen       total 265216K, used 220461K [0x00000000c0000000, 0x00000000d0300000, 0x00000000eab00000)
  object space 265216K, 83% used [0x00000000c0000000,0x00000000cd74b540,0x00000000d0300000)
 Metaspace       used 68460K, committed 69568K, reserved 1114112K
  class space    used 7881K, committed 8320K, reserved 1048576K
}
Event: 18.921 GC heap after
{Heap after GC invocations=188 (full 10):
 PSYoungGen      total 24576K, used 4603K [0x00000000eab00000, 0x00000000ed200000, 0x0000000100000000)
  eden space 19968K, 0% used [0x00000000eab00000,0x00000000eab00000,0x00000000ebe80000)
  from space 4608K, 99% used [0x00000000ebe80000,0x00000000ec2fed50,0x00000000ec300000)
  to   space 9216K, 0% used [0x00000000ec900000,0x00000000ec900000,0x00000000ed200000)
 ParOldGen       total 265216K, used 224161K [0x00000000c0000000, 0x00000000d0300000, 0x00000000eab00000)
  object space 265216K, 84% used [0x00000000c0000000,0x00000000cdae8688,0x00000000d0300000)
 Metaspace       used 68460K, committed 69568K, reserved 1114112K
  class space    used 7881K, committed 8320K, reserved 1048576K
}
Event: 18.958 GC heap before
{Heap before GC invocations=189 (full 10):
 PSYoungGen      total 24576K, used 24571K [0x00000000eab00000, 0x00000000ed200000, 0x0000000100000000)
  eden space 19968K, 100% used [0x00000000eab00000,0x00000000ebe80000,0x00000000ebe80000)
  from space 4608K, 99% used [0x00000000ebe80000,0x00000000ec2fed50,0x00000000ec300000)
  to   space 9216K, 0% used [0x00000000ec900000,0x00000000ec900000,0x00000000ed200000)
 ParOldGen       total 265216K, used 224161K [0x00000000c0000000, 0x00000000d0300000, 0x00000000eab00000)
  object space 265216K, 84% used [0x00000000c0000000,0x00000000cdae8688,0x00000000d0300000)
 Metaspace       used 68460K, committed 69568K, reserved 1114112K
  class space    used 7881K, committed 8320K, reserved 1048576K
}
Event: 18.963 GC heap after
{Heap after GC invocations=189 (full 10):
 PSYoungGen      total 29184K, used 7085K [0x00000000eab00000, 0x00000000ed000000, 0x0000000100000000)
  eden space 22016K, 0% used [0x00000000eab00000,0x00000000eab00000,0x00000000ec080000)
  from space 7168K, 98% used [0x00000000ec900000,0x00000000ecfeb780,0x00000000ed000000)
  to   space 7680K, 0% used [0x00000000ec100000,0x00000000ec100000,0x00000000ec880000)
 ParOldGen       total 265216K, used 226184K [0x00000000c0000000, 0x00000000d0300000, 0x00000000eab00000)
  object space 265216K, 85% used [0x00000000c0000000,0x00000000cdce2028,0x00000000d0300000)
 Metaspace       used 68460K, committed 69568K, reserved 1114112K
  class space    used 7881K, committed 8320K, reserved 1048576K
}
Event: 19.004 GC heap before
{Heap before GC invocations=190 (full 10):
 PSYoungGen      total 29184K, used 29101K [0x00000000eab00000, 0x00000000ed000000, 0x0000000100000000)
  eden space 22016K, 100% used [0x00000000eab00000,0x00000000ec080000,0x00000000ec080000)
  from space 7168K, 98% used [0x00000000ec900000,0x00000000ecfeb780,0x00000000ed000000)
  to   space 7680K, 0% used [0x00000000ec100000,0x00000000ec100000,0x00000000ec880000)
 ParOldGen       total 265216K, used 226184K [0x00000000c0000000, 0x00000000d0300000, 0x00000000eab00000)
  object space 265216K, 85% used [0x00000000c0000000,0x00000000cdce2028,0x00000000d0300000)
 Metaspace       used 68460K, committed 69568K, reserved 1114112K
  class space    used 7881K, committed 8320K, reserved 1048576K
}
Event: 19.007 GC heap after
{Heap after GC invocations=190 (full 10):
 PSYoungGen      total 30208K, used 7670K [0x00000000eab00000, 0x00000000eda80000, 0x0000000100000000)
  eden space 22528K, 0% used [0x00000000eab00000,0x00000000eab00000,0x00000000ec100000)
  from space 7680K, 99% used [0x00000000ec100000,0x00000000ec87d9e0,0x00000000ec880000)
  to   space 12288K, 0% used [0x00000000ece80000,0x00000000ece80000,0x00000000eda80000)
 ParOldGen       total 265216K, used 229802K [0x00000000c0000000, 0x00000000d0300000, 0x00000000eab00000)
  object space 265216K, 86% used [0x00000000c0000000,0x00000000ce06ab58,0x00000000d0300000)
 Metaspace       used 68460K, committed 69568K, reserved 1114112K
  class space    used 7881K, committed 8320K, reserved 1048576K
}
Event: 19.050 GC heap before
{Heap before GC invocations=191 (full 10):
 PSYoungGen      total 30208K, used 30198K [0x00000000eab00000, 0x00000000eda80000, 0x0000000100000000)
  eden space 22528K, 100% used [0x00000000eab00000,0x00000000ec100000,0x00000000ec100000)
  from space 7680K, 99% used [0x00000000ec100000,0x00000000ec87d9e0,0x00000000ec880000)
  to   space 12288K, 0% used [0x00000000ece80000,0x00000000ece80000,0x00000000eda80000)
 ParOldGen       total 265216K, used 229802K [0x00000000c0000000, 0x00000000d0300000, 0x00000000eab00000)
  object space 265216K, 86% used [0x00000000c0000000,0x00000000ce06ab58,0x00000000d0300000)
 Metaspace       used 68460K, committed 69568K, reserved 1114112K
  class space    used 7881K, committed 8320K, reserved 1048576K
}
Event: 19.057 GC heap after
{Heap after GC invocations=191 (full 10):
 PSYoungGen      total 33280K, used 8380K [0x00000000eab00000, 0x00000000ed700000, 0x0000000100000000)
  eden space 24576K, 0% used [0x00000000eab00000,0x00000000eab00000,0x00000000ec300000)
  from space 8704K, 96% used [0x00000000ece80000,0x00000000ed6af188,0x00000000ed700000)
  to   space 9728K, 0% used [0x00000000ec400000,0x00000000ec400000,0x00000000ecd80000)
 ParOldGen       total 265216K, used 234214K [0x00000000c0000000, 0x00000000d0300000, 0x00000000eab00000)
  object space 265216K, 88% used [0x00000000c0000000,0x00000000ce4b9b80,0x00000000d0300000)
 Metaspace       used 68460K, committed 69568K, reserved 1114112K
  class space    used 7881K, committed 8320K, reserved 1048576K
}
Event: 19.100 GC heap before
{Heap before GC invocations=192 (full 10):
 PSYoungGen      total 33280K, used 32956K [0x00000000eab00000, 0x00000000ed700000, 0x0000000100000000)
  eden space 24576K, 100% used [0x00000000eab00000,0x00000000ec300000,0x00000000ec300000)
  from space 8704K, 96% used [0x00000000ece80000,0x00000000ed6af188,0x00000000ed700000)
  to   space 9728K, 0% used [0x00000000ec400000,0x00000000ec400000,0x00000000ecd80000)
 ParOldGen       total 265216K, used 234214K [0x00000000c0000000, 0x00000000d0300000, 0x00000000eab00000)
  object space 265216K, 88% used [0x00000000c0000000,0x00000000ce4b9b80,0x00000000d0300000)
 Metaspace       used 68460K, committed 69568K, reserved 1114112K
  class space    used 7881K, committed 8320K, reserved 1048576K
}
Event: 19.105 GC heap after
{Heap after GC invocations=192 (full 10):
 PSYoungGen      total 35328K, used 9699K [0x00000000eab00000, 0x00000000ee280000, 0x0000000100000000)
  eden space 25600K, 0% used [0x00000000eab00000,0x00000000eab00000,0x00000000ec400000)
  from space 9728K, 99% used [0x00000000ec400000,0x00000000ecd78d30,0x00000000ecd80000)
  to   space 14848K, 0% used [0x00000000ed400000,0x00000000ed400000,0x00000000ee280000)
 ParOldGen       total 265216K, used 237967K [0x00000000c0000000, 0x00000000d0300000, 0x00000000eab00000)
  object space 265216K, 89% used [0x00000000c0000000,0x00000000ce863c80,0x00000000d0300000)
 Metaspace       used 68460K, committed 69568K, reserved 1114112K
  class space    used 7881K, committed 8320K, reserved 1048576K
}
Event: 19.153 GC heap before
{Heap before GC invocations=193 (full 10):
 PSYoungGen      total 35328K, used 35279K [0x00000000eab00000, 0x00000000ee280000, 0x0000000100000000)
  eden space 25600K, 99% used [0x00000000eab00000,0x00000000ec3fb038,0x00000000ec400000)
  from space 9728K, 99% used [0x00000000ec400000,0x00000000ecd78d30,0x00000000ecd80000)
  to   space 14848K, 0% used [0x00000000ed400000,0x00000000ed400000,0x00000000ee280000)
 ParOldGen       total 265216K, used 237967K [0x00000000c0000000, 0x00000000d0300000, 0x00000000eab00000)
  object space 265216K, 89% used [0x00000000c0000000,0x00000000ce863c80,0x00000000d0300000)
 Metaspace       used 68460K, committed 69568K, reserved 1114112K
  class space    used 7881K, committed 8320K, reserved 1048576K
}
Event: 19.158 GC heap after
{Heap after GC invocations=193 (full 10):
 PSYoungGen      total 37888K, used 9564K [0x00000000eab00000, 0x00000000edd80000, 0x0000000100000000)
  eden space 28160K, 0% used [0x00000000eab00000,0x00000000eab00000,0x00000000ec680000)
  from space 9728K, 98% used [0x00000000ed400000,0x00000000edd57018,0x00000000edd80000)
  to   space 11264K, 0% used [0x00000000ec780000,0x00000000ec780000,0x00000000ed280000)
 ParOldGen       total 265216K, used 243735K [0x00000000c0000000, 0x00000000d0300000, 0x00000000eab00000)
  object space 265216K, 91% used [0x00000000c0000000,0x00000000cee05e78,0x00000000d0300000)
 Metaspace       used 68460K, committed 69568K, reserved 1114112K
  class space    used 7881K, committed 8320K, reserved 1048576K
}
Event: 19.202 GC heap before
{Heap before GC invocations=194 (full 10):
 PSYoungGen      total 37888K, used 37724K [0x00000000eab00000, 0x00000000edd80000, 0x0000000100000000)
  eden space 28160K, 100% used [0x00000000eab00000,0x00000000ec680000,0x00000000ec680000)
  from space 9728K, 98% used [0x00000000ed400000,0x00000000edd57018,0x00000000edd80000)
  to   space 11264K, 0% used [0x00000000ec780000,0x00000000ec780000,0x00000000ed280000)
 ParOldGen       total 265216K, used 243735K [0x00000000c0000000, 0x00000000d0300000, 0x00000000eab00000)
  object space 265216K, 91% used [0x00000000c0000000,0x00000000cee05e78,0x00000000d0300000)
 Metaspace       used 68460K, committed 69568K, reserved 1114112K
  class space    used 7881K, committed 8320K, reserved 1048576K
}
Event: 19.207 GC heap after
{Heap after GC invocations=194 (full 10):
 PSYoungGen      total 40448K, used 11258K [0x00000000eab00000, 0x00000000eec00000, 0x0000000100000000)
  eden space 29184K, 0% used [0x00000000eab00000,0x00000000eab00000,0x00000000ec780000)
  from space 11264K, 99% used [0x00000000ec780000,0x00000000ed27eb60,0x00000000ed280000)
  to   space 17920K, 0% used [0x00000000eda80000,0x00000000eda80000,0x00000000eec00000)
 ParOldGen       total 265216K, used 249109K [0x00000000c0000000, 0x00000000d0300000, 0x00000000eab00000)
  object space 265216K, 93% used [0x00000000c0000000,0x00000000cf3454f8,0x00000000d0300000)
 Metaspace       used 68460K, committed 69568K, reserved 1114112K
  class space    used 7881K, committed 8320K, reserved 1048576K
}
Event: 19.244 GC heap before
{Heap before GC invocations=195 (full 10):
 PSYoungGen      total 40448K, used 40442K [0x00000000eab00000, 0x00000000eec00000, 0x0000000100000000)
  eden space 29184K, 100% used [0x00000000eab00000,0x00000000ec780000,0x00000000ec780000)
  from space 11264K, 99% used [0x00000000ec780000,0x00000000ed27eb60,0x00000000ed280000)
  to   space 17920K, 0% used [0x00000000eda80000,0x00000000eda80000,0x00000000eec00000)
 ParOldGen       total 265216K, used 249109K [0x00000000c0000000, 0x00000000d0300000, 0x00000000eab00000)
  object space 265216K, 93% used [0x00000000c0000000,0x00000000cf3454f8,0x00000000d0300000)
 Metaspace       used 68460K, committed 69568K, reserved 1114112K
  class space    used 7881K, committed 8320K, reserved 1048576K
}
Event: 19.251 GC heap after
{Heap after GC invocations=195 (full 10):
 PSYoungGen      total 45568K, used 12915K [0x00000000eab00000, 0x00000000ee780000, 0x0000000100000000)
  eden space 32256K, 0% used [0x00000000eab00000,0x00000000eab00000,0x00000000eca80000)
  from space 13312K, 97% used [0x00000000eda80000,0x00000000ee71ce50,0x00000000ee780000)
  to   space 14336K, 0% used [0x00000000ecb80000,0x00000000ecb80000,0x00000000ed980000)
 ParOldGen       total 265216K, used 255143K [0x00000000c0000000, 0x00000000d0300000, 0x00000000eab00000)
  object space 265216K, 96% used [0x00000000c0000000,0x00000000cf929f20,0x00000000d0300000)
 Metaspace       used 68460K, committed 69568K, reserved 1114112K
  class space    used 7881K, committed 8320K, reserved 1048576K
}
Event: 19.273 GC heap before
{Heap before GC invocations=196 (full 10):
 PSYoungGen      total 45568K, used 45140K [0x00000000eab00000, 0x00000000ee780000, 0x0000000100000000)
  eden space 32256K, 99% used [0x00000000eab00000,0x00000000eca783d8,0x00000000eca80000)
  from space 13312K, 97% used [0x00000000eda80000,0x00000000ee71ce50,0x00000000ee780000)
  to   space 14336K, 0% used [0x00000000ecb80000,0x00000000ecb80000,0x00000000ed980000)
 ParOldGen       total 265216K, used 255143K [0x00000000c0000000, 0x00000000d0300000, 0x00000000eab00000)
  object space 265216K, 96% used [0x00000000c0000000,0x00000000cf929f20,0x00000000d0300000)
 Metaspace       used 68460K, committed 69568K, reserved 1114112K
  class space    used 7881K, committed 8320K, reserved 1048576K
}
Event: 19.280 GC heap after
{Heap after GC invocations=196 (full 10):
 PSYoungGen      total 47616K, used 14318K [0x00000000eab00000, 0x00000000f0200000, 0x0000000100000000)
  eden space 33280K, 0% used [0x00000000eab00000,0x00000000eab00000,0x00000000ecb80000)
  from space 14336K, 99% used [0x00000000ecb80000,0x00000000ed97b8c0,0x00000000ed980000)
  to   space 26624K, 0% used [0x00000000ee800000,0x00000000ee800000,0x00000000f0200000)
 ParOldGen       total 265216K, used 265073K [0x00000000c0000000, 0x00000000d0300000, 0x00000000eab00000)
  object space 265216K, 99% used [0x00000000c0000000,0x00000000d02dc4c0,0x00000000d0300000)
 Metaspace       used 68460K, committed 69568K, reserved 1114112K
  class space    used 7881K, committed 8320K, reserved 1048576K
}
Event: 19.280 GC heap before
{Heap before GC invocations=197 (full 11):
 PSYoungGen      total 47616K, used 14318K [0x00000000eab00000, 0x00000000f0200000, 0x0000000100000000)
  eden space 33280K, 0% used [0x00000000eab00000,0x00000000eab00000,0x00000000ecb80000)
  from space 14336K, 99% used [0x00000000ecb80000,0x00000000ed97b8c0,0x00000000ed980000)
  to   space 26624K, 0% used [0x00000000ee800000,0x00000000ee800000,0x00000000f0200000)
 ParOldGen       total 265216K, used 265073K [0x00000000c0000000, 0x00000000d0300000, 0x00000000eab00000)
  object space 265216K, 99% used [0x00000000c0000000,0x00000000d02dc4c0,0x00000000d0300000)
 Metaspace       used 68460K, committed 69568K, reserved 1114112K
  class space    used 7881K, committed 8320K, reserved 1048576K
}
Event: 19.432 GC heap after
{Heap after GC invocations=197 (full 11):
 PSYoungGen      total 47616K, used 10918K [0x00000000eab00000, 0x00000000f0300000, 0x0000000100000000)
  eden space 33280K, 0% used [0x00000000eab00000,0x00000000eab00000,0x00000000ecb80000)
  from space 14336K, 76% used [0x00000000ecb80000,0x00000000ed6298c8,0x00000000ed980000)
  to   space 26624K, 0% used [0x00000000ee900000,0x00000000ee900000,0x00000000f0300000)
 ParOldGen       total 322560K, used 265056K [0x00000000c0000000, 0x00000000d3b00000, 0x00000000eab00000)
  object space 322560K, 82% used [0x00000000c0000000,0x00000000d02d82d0,0x00000000d3b00000)
 Metaspace       used 68460K, committed 69568K, reserved 1114112K
  class space    used 7881K, committed 8320K, reserved 1048576K
}

