# JRE version: OpenJDK Runtime Environment Temurin-17.0.12+7 (17.0.12+7) (build 17.0.12+7)
# Java VM: OpenJDK 64-Bit Server VM Temurin-17.0.12+7 (17.0.12+7, mixed mode, tiered, compressed oops, compressed class ptrs, parallel gc, windows-amd64)
GC Precious Log:
 CPUs: 12 total, 12 available
 Memory: 15761M
 Large Page Support: Disabled
 NUMA Support: Disabled
 Compressed Oops: Enabled (32-bit)
 Alignments: Space 512K, Generation 512K, Heap 2M
 Heap Min Capacity: 100M
 Heap Initial Capacity: 100M
 Heap Max Capacity: 1G
 Pre-touch: Disabled
 Parallel Workers: 10
Heap:
 PSYoungGen      total 22528K, used 1165K [0x00000000eab00000, 0x00000000ec780000, 0x0000000100000000)
  eden space 22016K, 3% used [0x00000000eab00000,0x00000000eaba5480,0x00000000ec080000)
  from space 512K, 98% used [0x00000000ec700000,0x00000000ec77dfc8,0x00000000ec780000)
  to   space 2048K, 0% used [0x00000000ec380000,0x00000000ec380000,0x00000000ec580000)
 ParOldGen       total 68608K, used 36693K [0x00000000c0000000, 0x00000000c4300000, 0x00000000eab00000)
  object space 68608K, 53% used [0x00000000c0000000,0x00000000c23d5408,0x00000000c4300000)
 Metaspace       used 64328K, committed 65472K, reserved 1114112K
  class space    used 7458K, committed 7936K, reserved 1048576K
GC Heap History (20 events):
Event: 51.394 GC heap before
{Heap before GC invocations=31 (full 3):
 PSYoungGen      total 23040K, used 22176K [0x00000000eab00000, 0x00000000ec780000, 0x0000000100000000)
  eden space 22016K, 100% used [0x00000000eab00000,0x00000000ec080000,0x00000000ec080000)
  from space 1024K, 15% used [0x00000000ec580000,0x00000000ec5a8000,0x00000000ec680000)
  to   space 512K, 0% used [0x00000000ec700000,0x00000000ec700000,0x00000000ec780000)
 ParOldGen       total 68608K, used 35440K [0x00000000c0000000, 0x00000000c4300000, 0x00000000eab00000)
  object space 68608K, 51% used [0x00000000c0000000,0x00000000c229c050,0x00000000c4300000)
 Metaspace       used 62206K, committed 63232K, reserved 1114112K
  class space    used 7240K, committed 7680K, reserved 1048576K
}
Event: 51.394 GC heap after
{Heap after GC invocations=31 (full 3):
 PSYoungGen      total 22528K, used 224K [0x00000000eab00000, 0x00000000ec780000, 0x0000000100000000)
  eden space 22016K, 0% used [0x00000000eab00000,0x00000000eab00000,0x00000000ec080000)
  from space 512K, 43% used [0x00000000ec700000,0x00000000ec738000,0x00000000ec780000)
  to   space 512K, 0% used [0x00000000ec680000,0x00000000ec680000,0x00000000ec700000)
 ParOldGen       total 68608K, used 35488K [0x00000000c0000000, 0x00000000c4300000, 0x00000000eab00000)
  object space 68608K, 51% used [0x00000000c0000000,0x00000000c22a8050,0x00000000c4300000)
 Metaspace       used 62206K, committed 63232K, reserved 1114112K
  class space    used 7240K, committed 7680K, reserved 1048576K
}
Event: 51.787 GC heap before
{Heap before GC invocations=32 (full 3):
 PSYoungGen      total 22528K, used 22240K [0x00000000eab00000, 0x00000000ec780000, 0x0000000100000000)
  eden space 22016K, 100% used [0x00000000eab00000,0x00000000ec080000,0x00000000ec080000)
  from space 512K, 43% used [0x00000000ec700000,0x00000000ec738000,0x00000000ec780000)
  to   space 512K, 0% used [0x00000000ec680000,0x00000000ec680000,0x00000000ec700000)
 ParOldGen       total 68608K, used 35488K [0x00000000c0000000, 0x00000000c4300000, 0x00000000eab00000)
  object space 68608K, 51% used [0x00000000c0000000,0x00000000c22a8050,0x00000000c4300000)
 Metaspace       used 62207K, committed 63232K, reserved 1114112K
  class space    used 7240K, committed 7680K, reserved 1048576K
}
Event: 51.788 GC heap after
{Heap after GC invocations=32 (full 3):
 PSYoungGen      total 22528K, used 128K [0x00000000eab00000, 0x00000000ec780000, 0x0000000100000000)
  eden space 22016K, 0% used [0x00000000eab00000,0x00000000eab00000,0x00000000ec080000)
  from space 512K, 25% used [0x00000000ec680000,0x00000000ec6a0000,0x00000000ec700000)
  to   space 512K, 0% used [0x00000000ec700000,0x00000000ec700000,0x00000000ec780000)
 ParOldGen       total 68608K, used 35536K [0x00000000c0000000, 0x00000000c4300000, 0x00000000eab00000)
  object space 68608K, 51% used [0x00000000c0000000,0x00000000c22b4050,0x00000000c4300000)
 Metaspace       used 62207K, committed 63232K, reserved 1114112K
  class space    used 7240K, committed 7680K, reserved 1048576K
}
Event: 52.026 GC heap before
{Heap before GC invocations=33 (full 3):
 PSYoungGen      total 22528K, used 22144K [0x00000000eab00000, 0x00000000ec780000, 0x0000000100000000)
  eden space 22016K, 100% used [0x00000000eab00000,0x00000000ec080000,0x00000000ec080000)
  from space 512K, 25% used [0x00000000ec680000,0x00000000ec6a0000,0x00000000ec700000)
  to   space 512K, 0% used [0x00000000ec700000,0x00000000ec700000,0x00000000ec780000)
 ParOldGen       total 68608K, used 35536K [0x00000000c0000000, 0x00000000c4300000, 0x00000000eab00000)
  object space 68608K, 51% used [0x00000000c0000000,0x00000000c22b4050,0x00000000c4300000)
 Metaspace       used 62207K, committed 63232K, reserved 1114112K
  class space    used 7240K, committed 7680K, reserved 1048576K
}
Event: 52.028 GC heap after
{Heap after GC invocations=33 (full 3):
 PSYoungGen      total 22528K, used 160K [0x00000000eab00000, 0x00000000ec780000, 0x0000000100000000)
  eden space 22016K, 0% used [0x00000000eab00000,0x00000000eab00000,0x00000000ec080000)
  from space 512K, 31% used [0x00000000ec700000,0x00000000ec728000,0x00000000ec780000)
  to   space 512K, 0% used [0x00000000ec680000,0x00000000ec680000,0x00000000ec700000)
 ParOldGen       total 68608K, used 35544K [0x00000000c0000000, 0x00000000c4300000, 0x00000000eab00000)
  object space 68608K, 51% used [0x00000000c0000000,0x00000000c22b6050,0x00000000c4300000)
 Metaspace       used 62207K, committed 63232K, reserved 1114112K
  class space    used 7240K, committed 7680K, reserved 1048576K
}
Event: 54.206 GC heap before
{Heap before GC invocations=34 (full 3):
 PSYoungGen      total 22528K, used 22176K [0x00000000eab00000, 0x00000000ec780000, 0x0000000100000000)
  eden space 22016K, 100% used [0x00000000eab00000,0x00000000ec080000,0x00000000ec080000)
  from space 512K, 31% used [0x00000000ec700000,0x00000000ec728000,0x00000000ec780000)
  to   space 512K, 0% used [0x00000000ec680000,0x00000000ec680000,0x00000000ec700000)
 ParOldGen       total 68608K, used 35544K [0x00000000c0000000, 0x00000000c4300000, 0x00000000eab00000)
  object space 68608K, 51% used [0x00000000c0000000,0x00000000c22b6050,0x00000000c4300000)
 Metaspace       used 62215K, committed 63232K, reserved 1114112K
  class space    used 7241K, committed 7680K, reserved 1048576K
}
Event: 54.207 GC heap after
{Heap after GC invocations=34 (full 3):
 PSYoungGen      total 22528K, used 288K [0x00000000eab00000, 0x00000000ec780000, 0x0000000100000000)
  eden space 22016K, 0% used [0x00000000eab00000,0x00000000eab00000,0x00000000ec080000)
  from space 512K, 56% used [0x00000000ec680000,0x00000000ec6c8000,0x00000000ec700000)
  to   space 512K, 0% used [0x00000000ec700000,0x00000000ec700000,0x00000000ec780000)
 ParOldGen       total 68608K, used 35552K [0x00000000c0000000, 0x00000000c4300000, 0x00000000eab00000)
  object space 68608K, 51% used [0x00000000c0000000,0x00000000c22b8050,0x00000000c4300000)
 Metaspace       used 62215K, committed 63232K, reserved 1114112K
  class space    used 7241K, committed 7680K, reserved 1048576K
}
Event: 54.805 GC heap before
{Heap before GC invocations=35 (full 3):
 PSYoungGen      total 22528K, used 22304K [0x00000000eab00000, 0x00000000ec780000, 0x0000000100000000)
  eden space 22016K, 100% used [0x00000000eab00000,0x00000000ec080000,0x00000000ec080000)
  from space 512K, 56% used [0x00000000ec680000,0x00000000ec6c8000,0x00000000ec700000)
  to   space 512K, 0% used [0x00000000ec700000,0x00000000ec700000,0x00000000ec780000)
 ParOldGen       total 68608K, used 35552K [0x00000000c0000000, 0x00000000c4300000, 0x00000000eab00000)
  object space 68608K, 51% used [0x00000000c0000000,0x00000000c22b8050,0x00000000c4300000)
 Metaspace       used 62220K, committed 63296K, reserved 1114112K
  class space    used 7241K, committed 7744K, reserved 1048576K
}
Event: 54.806 GC heap after
{Heap after GC invocations=35 (full 3):
 PSYoungGen      total 22528K, used 256K [0x00000000eab00000, 0x00000000ec780000, 0x0000000100000000)
  eden space 22016K, 0% used [0x00000000eab00000,0x00000000eab00000,0x00000000ec080000)
  from space 512K, 50% used [0x00000000ec700000,0x00000000ec740000,0x00000000ec780000)
  to   space 512K, 0% used [0x00000000ec680000,0x00000000ec680000,0x00000000ec700000)
 ParOldGen       total 68608K, used 35616K [0x00000000c0000000, 0x00000000c4300000, 0x00000000eab00000)
  object space 68608K, 51% used [0x00000000c0000000,0x00000000c22c8050,0x00000000c4300000)
 Metaspace       used 62220K, committed 63296K, reserved 1114112K
  class space    used 7241K, committed 7744K, reserved 1048576K
}
Event: 55.162 GC heap before
{Heap before GC invocations=36 (full 3):
 PSYoungGen      total 22528K, used 22272K [0x00000000eab00000, 0x00000000ec780000, 0x0000000100000000)
  eden space 22016K, 100% used [0x00000000eab00000,0x00000000ec080000,0x00000000ec080000)
  from space 512K, 50% used [0x00000000ec700000,0x00000000ec740000,0x00000000ec780000)
  to   space 512K, 0% used [0x00000000ec680000,0x00000000ec680000,0x00000000ec700000)
 ParOldGen       total 68608K, used 35616K [0x00000000c0000000, 0x00000000c4300000, 0x00000000eab00000)
  object space 68608K, 51% used [0x00000000c0000000,0x00000000c22c8050,0x00000000c4300000)
 Metaspace       used 62223K, committed 63296K, reserved 1114112K
  class space    used 7241K, committed 7744K, reserved 1048576K
}
Event: 55.163 GC heap after
{Heap after GC invocations=36 (full 3):
 PSYoungGen      total 22528K, used 192K [0x00000000eab00000, 0x00000000ec780000, 0x0000000100000000)
  eden space 22016K, 0% used [0x00000000eab00000,0x00000000eab00000,0x00000000ec080000)
  from space 512K, 37% used [0x00000000ec680000,0x00000000ec6b0000,0x00000000ec700000)
  to   space 512K, 0% used [0x00000000ec700000,0x00000000ec700000,0x00000000ec780000)
 ParOldGen       total 68608K, used 35656K [0x00000000c0000000, 0x00000000c4300000, 0x00000000eab00000)
  object space 68608K, 51% used [0x00000000c0000000,0x00000000c22d2050,0x00000000c4300000)
 Metaspace       used 62223K, committed 63296K, reserved 1114112K
  class space    used 7241K, committed 7744K, reserved 1048576K
}
Event: 55.403 GC heap before
{Heap before GC invocations=37 (full 3):
 PSYoungGen      total 22528K, used 22208K [0x00000000eab00000, 0x00000000ec780000, 0x0000000100000000)
  eden space 22016K, 100% used [0x00000000eab00000,0x00000000ec080000,0x00000000ec080000)
  from space 512K, 37% used [0x00000000ec680000,0x00000000ec6b0000,0x00000000ec700000)
  to   space 512K, 0% used [0x00000000ec700000,0x00000000ec700000,0x00000000ec780000)
 ParOldGen       total 68608K, used 35656K [0x00000000c0000000, 0x00000000c4300000, 0x00000000eab00000)
  object space 68608K, 51% used [0x00000000c0000000,0x00000000c22d2050,0x00000000c4300000)
 Metaspace       used 62224K, committed 63296K, reserved 1114112K
  class space    used 7241K, committed 7744K, reserved 1048576K
}
Event: 55.403 GC heap after
{Heap after GC invocations=37 (full 3):
 PSYoungGen      total 22528K, used 160K [0x00000000eab00000, 0x00000000ec780000, 0x0000000100000000)
  eden space 22016K, 0% used [0x00000000eab00000,0x00000000eab00000,0x00000000ec080000)
  from space 512K, 31% used [0x00000000ec700000,0x00000000ec728000,0x00000000ec780000)
  to   space 512K, 0% used [0x00000000ec680000,0x00000000ec680000,0x00000000ec700000)
 ParOldGen       total 68608K, used 35680K [0x00000000c0000000, 0x00000000c4300000, 0x00000000eab00000)
  object space 68608K, 52% used [0x00000000c0000000,0x00000000c22d8050,0x00000000c4300000)
 Metaspace       used 62224K, committed 63296K, reserved 1114112K
  class space    used 7241K, committed 7744K, reserved 1048576K
}
Event: 55.778 GC heap before
{Heap before GC invocations=38 (full 3):
 PSYoungGen      total 22528K, used 22176K [0x00000000eab00000, 0x00000000ec780000, 0x0000000100000000)
  eden space 22016K, 100% used [0x00000000eab00000,0x00000000ec080000,0x00000000ec080000)
  from space 512K, 31% used [0x00000000ec700000,0x00000000ec728000,0x00000000ec780000)
  to   space 512K, 0% used [0x00000000ec680000,0x00000000ec680000,0x00000000ec700000)
 ParOldGen       total 68608K, used 35680K [0x00000000c0000000, 0x00000000c4300000, 0x00000000eab00000)
  object space 68608K, 52% used [0x00000000c0000000,0x00000000c22d8050,0x00000000c4300000)
 Metaspace       used 62229K, committed 63296K, reserved 1114112K
  class space    used 7241K, committed 7744K, reserved 1048576K
}
Event: 55.779 GC heap after
{Heap after GC invocations=38 (full 3):
 PSYoungGen      total 22528K, used 256K [0x00000000eab00000, 0x00000000ec780000, 0x0000000100000000)
  eden space 22016K, 0% used [0x00000000eab00000,0x00000000eab00000,0x00000000ec080000)
  from space 512K, 50% used [0x00000000ec680000,0x00000000ec6c0000,0x00000000ec700000)
  to   space 512K, 0% used [0x00000000ec700000,0x00000000ec700000,0x00000000ec780000)
 ParOldGen       total 68608K, used 35704K [0x00000000c0000000, 0x00000000c4300000, 0x00000000eab00000)
  object space 68608K, 52% used [0x00000000c0000000,0x00000000c22de050,0x00000000c4300000)
 Metaspace       used 62229K, committed 63296K, reserved 1114112K
  class space    used 7241K, committed 7744K, reserved 1048576K
}
Event: 56.539 GC heap before
{Heap before GC invocations=39 (full 3):
 PSYoungGen      total 22528K, used 22272K [0x00000000eab00000, 0x00000000ec780000, 0x0000000100000000)
  eden space 22016K, 100% used [0x00000000eab00000,0x00000000ec080000,0x00000000ec080000)
  from space 512K, 50% used [0x00000000ec680000,0x00000000ec6c0000,0x00000000ec700000)
  to   space 512K, 0% used [0x00000000ec700000,0x00000000ec700000,0x00000000ec780000)
 ParOldGen       total 68608K, used 35704K [0x00000000c0000000, 0x00000000c4300000, 0x00000000eab00000)
  object space 68608K, 52% used [0x00000000c0000000,0x00000000c22de050,0x00000000c4300000)
 Metaspace       used 62310K, committed 63360K, reserved 1114112K
  class space    used 7250K, committed 7744K, reserved 1048576K
}
Event: 56.539 GC heap after
{Heap after GC invocations=39 (full 3):
 PSYoungGen      total 22528K, used 320K [0x00000000eab00000, 0x00000000ec780000, 0x0000000100000000)
  eden space 22016K, 0% used [0x00000000eab00000,0x00000000eab00000,0x00000000ec080000)
  from space 512K, 62% used [0x00000000ec700000,0x00000000ec750000,0x00000000ec780000)
  to   space 512K, 0% used [0x00000000ec680000,0x00000000ec680000,0x00000000ec700000)
 ParOldGen       total 68608K, used 35728K [0x00000000c0000000, 0x00000000c4300000, 0x00000000eab00000)
  object space 68608K, 52% used [0x00000000c0000000,0x00000000c22e4050,0x00000000c4300000)
 Metaspace       used 62310K, committed 63360K, reserved 1114112K
  class space    used 7250K, committed 7744K, reserved 1048576K
}
Event: 56.984 GC heap before
{Heap before GC invocations=40 (full 3):
 PSYoungGen      total 22528K, used 22336K [0x00000000eab00000, 0x00000000ec780000, 0x0000000100000000)
  eden space 22016K, 100% used [0x00000000eab00000,0x00000000ec080000,0x00000000ec080000)
  from space 512K, 62% used [0x00000000ec700000,0x00000000ec750000,0x00000000ec780000)
  to   space 512K, 0% used [0x00000000ec680000,0x00000000ec680000,0x00000000ec700000)
 ParOldGen       total 68608K, used 35728K [0x00000000c0000000, 0x00000000c4300000, 0x00000000eab00000)
  object space 68608K, 52% used [0x00000000c0000000,0x00000000c22e4050,0x00000000c4300000)
 Metaspace       used 62314K, committed 63360K, reserved 1114112K
  class space    used 7250K, committed 7744K, reserved 1048576K
}
Event: 56.985 GC heap after
{Heap after GC invocations=40 (full 3):
 PSYoungGen      total 22528K, used 192K [0x00000000eab00000, 0x00000000ec780000, 0x0000000100000000)
  eden space 22016K, 0% used [0x00000000eab00000,0x00000000eab00000,0x00000000ec080000)
  from space 512K, 37% used [0x00000000ec680000,0x00000000ec6b0000,0x00000000ec700000)
  to   space 512K, 0% used [0x00000000ec700000,0x00000000ec700000,0x00000000ec780000)
 ParOldGen       total 68608K, used 35808K [0x00000000c0000000, 0x00000000c4300000, 0x00000000eab00000)
  object space 68608K, 52% used [0x00000000c0000000,0x00000000c22f8050,0x00000000c4300000)
 Metaspace       used 62314K, committed 63360K, reserved 1114112K
  class space    used 7250K, committed 7744K, reserved 1048576K
}

