# JRE version: OpenJDK Runtime Environment Microsoft-9889599 (17.0.12+7) (build 17.0.12+7-LTS)
# Java VM: OpenJDK 64-Bit Server VM Microsoft-9889599 (17.0.12+7-LTS, mixed mode, sharing, tiered, compressed oops, compressed class ptrs, g1 gc, windows-amd64)
GC Precious Log:
 CPUs: 12 total, 12 available
 Memory: 15761M
 Large Page Support: Disabled
 NUMA Support: Disabled
 Compressed Oops: Enabled (Zero based)
 Heap Region Size: 2M
 Heap Min Capacity: 8M
 Heap Initial Capacity: 248M
 Heap Max Capacity: 4G
 Pre-touch: Disabled
 Parallel Workers: 10
 Concurrent Workers: 3
 Concurrent Refinement Workers: 10
 Periodic GC: Disabled
Heap:
 garbage-first heap   total 415744K, used 290850K [0x0000000700000000, 0x0000000800000000)
  region size 2048K, 81 young (165888K), 3 survivors (6144K)
 Metaspace       used 92360K, committed 93568K, reserved 1179648K
  class space    used 12933K, committed 13504K, reserved 1048576K
GC Heap History (20 events):
Event: 11.784 GC heap before
{Heap before GC invocations=29 (full 0):
 garbage-first heap   total 190464K, used 150524K [0x0000000700000000, 0x0000000800000000)
  region size 2048K, 35 young (71680K), 3 survivors (6144K)
 Metaspace       used 80447K, committed 81408K, reserved 1179648K
  class space    used 11320K, committed 11776K, reserved 1048576K
}
Event: 11.790 GC heap after
{Heap after GC invocations=30 (full 0):
 garbage-first heap   total 190464K, used 90983K [0x0000000700000000, 0x0000000800000000)
  region size 2048K, 5 young (10240K), 5 survivors (10240K)
 Metaspace       used 80447K, committed 81408K, reserved 1179648K
  class space    used 11320K, committed 11776K, reserved 1048576K
}
Event: 12.279 GC heap before
{Heap before GC invocations=30 (full 0):
 garbage-first heap   total 190464K, used 150375K [0x0000000700000000, 0x0000000800000000)
  region size 2048K, 34 young (69632K), 5 survivors (10240K)
 Metaspace       used 82177K, committed 83136K, reserved 1179648K
  class space    used 11530K, committed 11968K, reserved 1048576K
}
Event: 12.285 GC heap after
{Heap after GC invocations=31 (full 0):
 garbage-first heap   total 190464K, used 101110K [0x0000000700000000, 0x0000000800000000)
  region size 2048K, 5 young (10240K), 5 survivors (10240K)
 Metaspace       used 82177K, committed 83136K, reserved 1179648K
  class space    used 11530K, committed 11968K, reserved 1048576K
}
Event: 12.719 GC heap before
{Heap before GC invocations=31 (full 0):
 garbage-first heap   total 190464K, used 148214K [0x0000000700000000, 0x0000000800000000)
  region size 2048K, 29 young (59392K), 5 survivors (10240K)
 Metaspace       used 83145K, committed 84160K, reserved 1179648K
  class space    used 11696K, committed 12160K, reserved 1048576K
}
Event: 12.726 GC heap after
{Heap after GC invocations=32 (full 0):
 garbage-first heap   total 190464K, used 106475K [0x0000000700000000, 0x0000000800000000)
  region size 2048K, 3 young (6144K), 3 survivors (6144K)
 Metaspace       used 83145K, committed 84160K, reserved 1179648K
  class space    used 11696K, committed 12160K, reserved 1048576K
}
Event: 13.124 GC heap before
{Heap before GC invocations=33 (full 0):
 garbage-first heap   total 192512K, used 151531K [0x0000000700000000, 0x0000000800000000)
  region size 2048K, 25 young (51200K), 3 survivors (6144K)
 Metaspace       used 84027K, committed 85056K, reserved 1179648K
  class space    used 11818K, committed 12288K, reserved 1048576K
}
Event: 13.129 GC heap after
{Heap after GC invocations=34 (full 0):
 garbage-first heap   total 192512K, used 113287K [0x0000000700000000, 0x0000000800000000)
  region size 2048K, 4 young (8192K), 4 survivors (8192K)
 Metaspace       used 84027K, committed 85056K, reserved 1179648K
  class space    used 11818K, committed 12288K, reserved 1048576K
}
Event: 13.696 GC heap before
{Heap before GC invocations=34 (full 0):
 garbage-first heap   total 192512K, used 152199K [0x0000000700000000, 0x0000000800000000)
  region size 2048K, 23 young (47104K), 4 survivors (8192K)
 Metaspace       used 86270K, committed 87296K, reserved 1179648K
  class space    used 12143K, committed 12608K, reserved 1048576K
}
Event: 13.701 GC heap after
{Heap after GC invocations=35 (full 0):
 garbage-first heap   total 192512K, used 116474K [0x0000000700000000, 0x0000000800000000)
  region size 2048K, 2 young (4096K), 2 survivors (4096K)
 Metaspace       used 86270K, committed 87296K, reserved 1179648K
  class space    used 12143K, committed 12608K, reserved 1048576K
}
Event: 14.316 GC heap before
{Heap before GC invocations=36 (full 0):
 garbage-first heap   total 204800K, used 155386K [0x0000000700000000, 0x0000000800000000)
  region size 2048K, 21 young (43008K), 2 survivors (4096K)
 Metaspace       used 88464K, committed 89536K, reserved 1179648K
  class space    used 12447K, committed 12928K, reserved 1048576K
}
Event: 14.319 GC heap after
{Heap after GC invocations=37 (full 0):
 garbage-first heap   total 204800K, used 119167K [0x0000000700000000, 0x0000000800000000)
  region size 2048K, 3 young (6144K), 3 survivors (6144K)
 Metaspace       used 88464K, committed 89536K, reserved 1179648K
  class space    used 12447K, committed 12928K, reserved 1048576K
}
Event: 14.907 GC heap before
{Heap before GC invocations=37 (full 0):
 garbage-first heap   total 204800K, used 166271K [0x0000000700000000, 0x0000000800000000)
  region size 2048K, 26 young (53248K), 3 survivors (6144K)
 Metaspace       used 90263K, committed 91392K, reserved 1179648K
  class space    used 12709K, committed 13248K, reserved 1048576K
}
Event: 14.912 GC heap after
{Heap after GC invocations=38 (full 0):
 garbage-first heap   total 204800K, used 123730K [0x0000000700000000, 0x0000000800000000)
  region size 2048K, 4 young (8192K), 4 survivors (8192K)
 Metaspace       used 90263K, committed 91392K, reserved 1179648K
  class space    used 12709K, committed 13248K, reserved 1048576K
}
Event: 15.309 GC heap before
{Heap before GC invocations=39 (full 0):
 garbage-first heap   total 223232K, used 166738K [0x0000000700000000, 0x0000000800000000)
  region size 2048K, 25 young (51200K), 4 survivors (8192K)
 Metaspace       used 90648K, committed 91776K, reserved 1179648K
  class space    used 12753K, committed 13312K, reserved 1048576K
}
Event: 15.316 GC heap after
{Heap after GC invocations=40 (full 0):
 garbage-first heap   total 223232K, used 131488K [0x0000000700000000, 0x0000000800000000)
  region size 2048K, 4 young (8192K), 4 survivors (8192K)
 Metaspace       used 90648K, committed 91776K, reserved 1179648K
  class space    used 12753K, committed 13312K, reserved 1048576K
}
Event: 15.328 GC heap before
{Heap before GC invocations=40 (full 0):
 garbage-first heap   total 223232K, used 133536K [0x0000000700000000, 0x0000000800000000)
  region size 2048K, 5 young (10240K), 4 survivors (8192K)
 Metaspace       used 90653K, committed 91776K, reserved 1179648K
  class space    used 12753K, committed 13312K, reserved 1048576K
}
Event: 15.331 GC heap after
{Heap after GC invocations=41 (full 0):
 garbage-first heap   total 223232K, used 131380K [0x0000000700000000, 0x0000000800000000)
  region size 2048K, 1 young (2048K), 1 survivors (2048K)
 Metaspace       used 90653K, committed 91776K, reserved 1179648K
  class space    used 12753K, committed 13312K, reserved 1048576K
}
Event: 16.237 GC heap before
{Heap before GC invocations=41 (full 0):
 garbage-first heap   total 223232K, used 178484K [0x0000000700000000, 0x0000000800000000)
  region size 2048K, 25 young (51200K), 1 survivors (2048K)
 Metaspace       used 91739K, committed 92864K, reserved 1179648K
  class space    used 12903K, committed 13440K, reserved 1048576K
}
Event: 16.242 GC heap after
{Heap after GC invocations=42 (full 0):
 garbage-first heap   total 415744K, used 135202K [0x0000000700000000, 0x0000000800000000)
  region size 2048K, 3 young (6144K), 3 survivors (6144K)
 Metaspace       used 91739K, committed 92864K, reserved 1179648K
  class space    used 12903K, committed 13440K, reserved 1048576K
}

