# JRE version: OpenJDK Runtime Environment Microsoft-9889599 (17.0.12+7) (build 17.0.12+7-LTS)
# Java VM: OpenJDK 64-Bit Server VM Microsoft-9889599 (17.0.12+7-LTS, mixed mode, sharing, tiered, compressed oops, compressed class ptrs, g1 gc, windows-amd64)
GC Precious Log:
 CPUs: 12 total, 12 available
 Memory: 15761M
 Large Page Support: Disabled
 NUMA Support: Disabled
 Compressed Oops: Enabled (Zero based)
 Heap Region Size: 2M
 Heap Min Capacity: 8M
 Heap Initial Capacity: 248M
 Heap Max Capacity: 4G
 Pre-touch: Disabled
 Parallel Workers: 10
 Concurrent Workers: 3
 Concurrent Refinement Workers: 10
 Periodic GC: Disabled
Heap:
 garbage-first heap   total 243712K, used 155545K [0x0000000700000000, 0x0000000800000000)
  region size 2048K, 13 young (26624K), 3 survivors (6144K)
 Metaspace       used 89211K, committed 90240K, reserved 1179648K
  class space    used 12626K, committed 13120K, reserved 1048576K
GC Heap History (20 events):
Event: 15.650 GC heap before
{Heap before GC invocations=38 (full 0):
 garbage-first heap   total 163840K, used 126408K [0x0000000700000000, 0x0000000800000000)
  region size 2048K, 20 young (40960K), 3 survivors (6144K)
 Metaspace       used 78123K, committed 78912K, reserved 1179648K
  class space    used 10891K, committed 11264K, reserved 1048576K
}
Event: 15.653 GC heap after
{Heap after GC invocations=39 (full 0):
 garbage-first heap   total 163840K, used 96295K [0x0000000700000000, 0x0000000800000000)
  region size 2048K, 3 young (6144K), 3 survivors (6144K)
 Metaspace       used 78123K, committed 78912K, reserved 1179648K
  class space    used 10891K, committed 11264K, reserved 1048576K
}
Event: 15.855 GC heap before
{Heap before GC invocations=39 (full 0):
 garbage-first heap   total 163840K, used 133159K [0x0000000700000000, 0x0000000800000000)
  region size 2048K, 21 young (43008K), 3 survivors (6144K)
 Metaspace       used 78421K, committed 79232K, reserved 1179648K
  class space    used 10933K, committed 11328K, reserved 1048576K
}
Event: 15.858 GC heap after
{Heap after GC invocations=40 (full 0):
 garbage-first heap   total 163840K, used 99356K [0x0000000700000000, 0x0000000800000000)
  region size 2048K, 3 young (6144K), 3 survivors (6144K)
 Metaspace       used 78421K, committed 79232K, reserved 1179648K
  class space    used 10933K, committed 11328K, reserved 1048576K
}
Event: 16.348 GC heap before
{Heap before GC invocations=41 (full 0):
 garbage-first heap   total 174080K, used 134172K [0x0000000700000000, 0x0000000800000000)
  region size 2048K, 20 young (40960K), 3 survivors (6144K)
 Metaspace       used 80620K, committed 81472K, reserved 1179648K
  class space    used 11282K, committed 11712K, reserved 1048576K
}
Event: 16.351 GC heap after
{Heap after GC invocations=42 (full 0):
 garbage-first heap   total 174080K, used 100861K [0x0000000700000000, 0x0000000800000000)
  region size 2048K, 1 young (2048K), 1 survivors (2048K)
 Metaspace       used 80620K, committed 81472K, reserved 1179648K
  class space    used 11282K, committed 11712K, reserved 1048576K
}
Event: 17.038 GC heap before
{Heap before GC invocations=42 (full 0):
 garbage-first heap   total 174080K, used 141821K [0x0000000700000000, 0x0000000800000000)
  region size 2048K, 21 young (43008K), 1 survivors (2048K)
 Metaspace       used 83372K, committed 84224K, reserved 1179648K
  class space    used 11798K, committed 12224K, reserved 1048576K
}
Event: 17.041 GC heap after
{Heap after GC invocations=43 (full 0):
 garbage-first heap   total 174080K, used 102059K [0x0000000700000000, 0x0000000800000000)
  region size 2048K, 2 young (4096K), 2 survivors (4096K)
 Metaspace       used 83372K, committed 84224K, reserved 1179648K
  class space    used 11798K, committed 12224K, reserved 1048576K
}
Event: 17.523 GC heap before
{Heap before GC invocations=44 (full 0):
 garbage-first heap   total 182272K, used 143019K [0x0000000700000000, 0x0000000800000000)
  region size 2048K, 22 young (45056K), 2 survivors (4096K)
 Metaspace       used 85277K, committed 86144K, reserved 1179648K
  class space    used 12068K, committed 12480K, reserved 1048576K
}
Event: 17.526 GC heap after
{Heap after GC invocations=45 (full 0):
 garbage-first heap   total 182272K, used 104579K [0x0000000700000000, 0x0000000800000000)
  region size 2048K, 3 young (6144K), 3 survivors (6144K)
 Metaspace       used 85277K, committed 86144K, reserved 1179648K
  class space    used 12068K, committed 12480K, reserved 1048576K
}
Event: 18.232 GC heap before
{Heap before GC invocations=45 (full 0):
 garbage-first heap   total 182272K, used 151683K [0x0000000700000000, 0x0000000800000000)
  region size 2048K, 26 young (53248K), 3 survivors (6144K)
 Metaspace       used 86780K, committed 87616K, reserved 1179648K
  class space    used 12274K, committed 12672K, reserved 1048576K
}
Event: 18.238 GC heap after
{Heap after GC invocations=46 (full 0):
 garbage-first heap   total 182272K, used 109837K [0x0000000700000000, 0x0000000800000000)
  region size 2048K, 4 young (8192K), 4 survivors (8192K)
 Metaspace       used 86780K, committed 87616K, reserved 1179648K
  class space    used 12274K, committed 12672K, reserved 1048576K
}
Event: 18.931 GC heap before
{Heap before GC invocations=47 (full 0):
 garbage-first heap   total 192512K, used 148749K [0x0000000700000000, 0x0000000800000000)
  region size 2048K, 24 young (49152K), 4 survivors (8192K)
 Metaspace       used 87902K, committed 88832K, reserved 1179648K
  class space    used 12468K, committed 12928K, reserved 1048576K
}
Event: 18.936 GC heap after
{Heap after GC invocations=48 (full 0):
 garbage-first heap   total 192512K, used 118918K [0x0000000700000000, 0x0000000800000000)
  region size 2048K, 3 young (6144K), 3 survivors (6144K)
 Metaspace       used 87902K, committed 88832K, reserved 1179648K
  class space    used 12468K, committed 12928K, reserved 1048576K
}
Event: 19.448 GC heap before
{Heap before GC invocations=48 (full 0):
 garbage-first heap   total 192512K, used 155782K [0x0000000700000000, 0x0000000800000000)
  region size 2048K, 21 young (43008K), 3 survivors (6144K)
 Metaspace       used 88422K, committed 89344K, reserved 1179648K
  class space    used 12526K, committed 12992K, reserved 1048576K
}
Event: 19.451 GC heap after
{Heap after GC invocations=49 (full 0):
 garbage-first heap   total 192512K, used 123836K [0x0000000700000000, 0x0000000800000000)
  region size 2048K, 3 young (6144K), 3 survivors (6144K)
 Metaspace       used 88422K, committed 89344K, reserved 1179648K
  class space    used 12526K, committed 12992K, reserved 1048576K
}
Event: 19.958 GC heap before
{Heap before GC invocations=50 (full 0):
 garbage-first heap   total 215040K, used 152508K [0x0000000700000000, 0x0000000800000000)
  region size 2048K, 18 young (36864K), 3 survivors (6144K)
 Metaspace       used 88801K, committed 89792K, reserved 1179648K
  class space    used 12579K, committed 13056K, reserved 1048576K
}
Event: 19.962 GC heap after
{Heap after GC invocations=51 (full 0):
 garbage-first heap   total 215040K, used 128833K [0x0000000700000000, 0x0000000800000000)
  region size 2048K, 3 young (6144K), 3 survivors (6144K)
 Metaspace       used 88801K, committed 89792K, reserved 1179648K
  class space    used 12579K, committed 13056K, reserved 1048576K
}
Event: 20.572 GC heap before
{Heap before GC invocations=51 (full 0):
 garbage-first heap   total 215040K, used 169793K [0x0000000700000000, 0x0000000800000000)
  region size 2048K, 24 young (49152K), 3 survivors (6144K)
 Metaspace       used 89056K, committed 90112K, reserved 1179648K
  class space    used 12608K, committed 13120K, reserved 1048576K
}
Event: 20.577 GC heap after
{Heap after GC invocations=52 (full 0):
 garbage-first heap   total 215040K, used 137113K [0x0000000700000000, 0x0000000800000000)
  region size 2048K, 3 young (6144K), 3 survivors (6144K)
 Metaspace       used 89056K, committed 90112K, reserved 1179648K
  class space    used 12608K, committed 13120K, reserved 1048576K
}

