# JRE version: OpenJDK Runtime Environment Temurin-17.0.12+7 (17.0.12+7) (build 17.0.12+7)
# Java VM: OpenJDK 64-Bit Server VM Temurin-17.0.12+7 (17.0.12+7, mixed mode, tiered, compressed oops, compressed class ptrs, parallel gc, windows-amd64)
GC Precious Log:
 CPUs: 12 total, 12 available
 Memory: 15761M
 Large Page Support: Disabled
 NUMA Support: Disabled
 Compressed Oops: Enabled (32-bit)
 Alignments: Space 512K, Generation 512K, Heap 2M
 Heap Min Capacity: 100M
 Heap Initial Capacity: 100M
 Heap Max Capacity: 1G
 Pre-touch: Disabled
 Parallel Workers: 10
Heap:
 PSYoungGen      total 24576K, used 18568K [0x00000000eab00000, 0x00000000ec580000, 0x0000000100000000)
  eden space 22016K, 75% used [0x00000000eab00000,0x00000000ebb2c5c0,0x00000000ec080000)
  from space 2560K, 78% used [0x00000000ec080000,0x00000000ec275c60,0x00000000ec300000)
  to   space 2048K, 0% used [0x00000000ec380000,0x00000000ec380000,0x00000000ec580000)
 ParOldGen       total 68608K, used 19848K [0x00000000c0000000, 0x00000000c4300000, 0x00000000eab00000)
  object space 68608K, 28% used [0x00000000c0000000,0x00000000c1362138,0x00000000c4300000)
 Metaspace       used 52586K, committed 53632K, reserved 1114112K
  class space    used 5731K, committed 6208K, reserved 1048576K
GC Heap History (20 events):
Event: 4.792 GC heap before
{Heap before GC invocations=10 (full 1):
 PSYoungGen      total 26112K, used 26102K [0x00000000eab00000, 0x00000000eca00000, 0x0000000100000000)
  eden space 24064K, 100% used [0x00000000eab00000,0x00000000ec280000,0x00000000ec280000)
  from space 2048K, 99% used [0x00000000ec800000,0x00000000ec9fd828,0x00000000eca00000)
  to   space 3072K, 0% used [0x00000000ec400000,0x00000000ec400000,0x00000000ec700000)
 ParOldGen       total 68608K, used 11687K [0x00000000c0000000, 0x00000000c4300000, 0x00000000eab00000)
  object space 68608K, 17% used [0x00000000c0000000,0x00000000c0b69ca0,0x00000000c4300000)
 Metaspace       used 32871K, committed 33600K, reserved 1114112K
  class space    used 3221K, committed 3520K, reserved 1048576K
}
Event: 4.794 GC heap after
{Heap after GC invocations=10 (full 1):
 PSYoungGen      total 26624K, used 2818K [0x00000000eab00000, 0x00000000ec880000, 0x0000000100000000)
  eden space 23552K, 0% used [0x00000000eab00000,0x00000000eab00000,0x00000000ec200000)
  from space 3072K, 91% used [0x00000000ec400000,0x00000000ec6c08f8,0x00000000ec700000)
  to   space 1536K, 0% used [0x00000000ec700000,0x00000000ec700000,0x00000000ec880000)
 ParOldGen       total 68608K, used 12967K [0x00000000c0000000, 0x00000000c4300000, 0x00000000eab00000)
  object space 68608K, 18% used [0x00000000c0000000,0x00000000c0ca9e58,0x00000000c4300000)
 Metaspace       used 32871K, committed 33600K, reserved 1114112K
  class space    used 3221K, committed 3520K, reserved 1048576K
}
Event: 5.030 GC heap before
{Heap before GC invocations=11 (full 1):
 PSYoungGen      total 26624K, used 25997K [0x00000000eab00000, 0x00000000ec880000, 0x0000000100000000)
  eden space 23552K, 98% used [0x00000000eab00000,0x00000000ec1a2cd8,0x00000000ec200000)
  from space 3072K, 91% used [0x00000000ec400000,0x00000000ec6c08f8,0x00000000ec700000)
  to   space 1536K, 0% used [0x00000000ec700000,0x00000000ec700000,0x00000000ec880000)
 ParOldGen       total 68608K, used 12967K [0x00000000c0000000, 0x00000000c4300000, 0x00000000eab00000)
  object space 68608K, 18% used [0x00000000c0000000,0x00000000c0ca9e58,0x00000000c4300000)
 Metaspace       used 35204K, committed 35840K, reserved 1114112K
  class space    used 3438K, committed 3712K, reserved 1048576K
}
Event: 5.033 GC heap after
{Heap after GC invocations=11 (full 1):
 PSYoungGen      total 25088K, used 1292K [0x00000000eab00000, 0x00000000ec880000, 0x0000000100000000)
  eden space 23552K, 0% used [0x00000000eab00000,0x00000000eab00000,0x00000000ec200000)
  from space 1536K, 84% used [0x00000000ec700000,0x00000000ec8433c0,0x00000000ec880000)
  to   space 2048K, 0% used [0x00000000ec480000,0x00000000ec480000,0x00000000ec680000)
 ParOldGen       total 68608K, used 15260K [0x00000000c0000000, 0x00000000c4300000, 0x00000000eab00000)
  object space 68608K, 22% used [0x00000000c0000000,0x00000000c0ee7208,0x00000000c4300000)
 Metaspace       used 35204K, committed 35840K, reserved 1114112K
  class space    used 3438K, committed 3712K, reserved 1048576K
}
Event: 5.033 GC heap before
{Heap before GC invocations=12 (full 2):
 PSYoungGen      total 25088K, used 1292K [0x00000000eab00000, 0x00000000ec880000, 0x0000000100000000)
  eden space 23552K, 0% used [0x00000000eab00000,0x00000000eab00000,0x00000000ec200000)
  from space 1536K, 84% used [0x00000000ec700000,0x00000000ec8433c0,0x00000000ec880000)
  to   space 2048K, 0% used [0x00000000ec480000,0x00000000ec480000,0x00000000ec680000)
 ParOldGen       total 68608K, used 15260K [0x00000000c0000000, 0x00000000c4300000, 0x00000000eab00000)
  object space 68608K, 22% used [0x00000000c0000000,0x00000000c0ee7208,0x00000000c4300000)
 Metaspace       used 35204K, committed 35840K, reserved 1114112K
  class space    used 3438K, committed 3712K, reserved 1048576K
}
Event: 5.051 GC heap after
{Heap after GC invocations=12 (full 2):
 PSYoungGen      total 25088K, used 0K [0x00000000eab00000, 0x00000000ec880000, 0x0000000100000000)
  eden space 23552K, 0% used [0x00000000eab00000,0x00000000eab00000,0x00000000ec200000)
  from space 1536K, 0% used [0x00000000ec700000,0x00000000ec700000,0x00000000ec880000)
  to   space 2048K, 0% used [0x00000000ec480000,0x00000000ec480000,0x00000000ec680000)
 ParOldGen       total 68608K, used 15066K [0x00000000c0000000, 0x00000000c4300000, 0x00000000eab00000)
  object space 68608K, 21% used [0x00000000c0000000,0x00000000c0eb6a18,0x00000000c4300000)
 Metaspace       used 35204K, committed 35840K, reserved 1114112K
  class space    used 3438K, committed 3712K, reserved 1048576K
}
Event: 5.387 GC heap before
{Heap before GC invocations=13 (full 2):
 PSYoungGen      total 25088K, used 23552K [0x00000000eab00000, 0x00000000ec880000, 0x0000000100000000)
  eden space 23552K, 100% used [0x00000000eab00000,0x00000000ec200000,0x00000000ec200000)
  from space 1536K, 0% used [0x00000000ec700000,0x00000000ec700000,0x00000000ec880000)
  to   space 2048K, 0% used [0x00000000ec480000,0x00000000ec480000,0x00000000ec680000)
 ParOldGen       total 68608K, used 15066K [0x00000000c0000000, 0x00000000c4300000, 0x00000000eab00000)
  object space 68608K, 21% used [0x00000000c0000000,0x00000000c0eb6a18,0x00000000c4300000)
 Metaspace       used 38137K, committed 38912K, reserved 1114112K
  class space    used 3807K, committed 4160K, reserved 1048576K
}
Event: 5.388 GC heap after
{Heap after GC invocations=13 (full 2):
 PSYoungGen      total 24576K, used 1081K [0x00000000eab00000, 0x00000000ec780000, 0x0000000100000000)
  eden space 23040K, 0% used [0x00000000eab00000,0x00000000eab00000,0x00000000ec180000)
  from space 1536K, 70% used [0x00000000ec480000,0x00000000ec58e518,0x00000000ec600000)
  to   space 1536K, 0% used [0x00000000ec600000,0x00000000ec600000,0x00000000ec780000)
 ParOldGen       total 68608K, used 15074K [0x00000000c0000000, 0x00000000c4300000, 0x00000000eab00000)
  object space 68608K, 21% used [0x00000000c0000000,0x00000000c0eb8a18,0x00000000c4300000)
 Metaspace       used 38137K, committed 38912K, reserved 1114112K
  class space    used 3807K, committed 4160K, reserved 1048576K
}
Event: 5.535 GC heap before
{Heap before GC invocations=14 (full 2):
 PSYoungGen      total 24576K, used 24104K [0x00000000eab00000, 0x00000000ec780000, 0x0000000100000000)
  eden space 23040K, 99% used [0x00000000eab00000,0x00000000ec17bed0,0x00000000ec180000)
  from space 1536K, 70% used [0x00000000ec480000,0x00000000ec58e518,0x00000000ec600000)
  to   space 1536K, 0% used [0x00000000ec600000,0x00000000ec600000,0x00000000ec780000)
 ParOldGen       total 68608K, used 15074K [0x00000000c0000000, 0x00000000c4300000, 0x00000000eab00000)
  object space 68608K, 21% used [0x00000000c0000000,0x00000000c0eb8a18,0x00000000c4300000)
 Metaspace       used 40559K, committed 41408K, reserved 1114112K
  class space    used 4128K, committed 4480K, reserved 1048576K
}
Event: 5.536 GC heap after
{Heap after GC invocations=14 (full 2):
 PSYoungGen      total 24064K, used 1523K [0x00000000eab00000, 0x00000000ec780000, 0x0000000100000000)
  eden space 22528K, 0% used [0x00000000eab00000,0x00000000eab00000,0x00000000ec100000)
  from space 1536K, 99% used [0x00000000ec600000,0x00000000ec77cec0,0x00000000ec780000)
  to   space 3072K, 0% used [0x00000000ec180000,0x00000000ec180000,0x00000000ec480000)
 ParOldGen       total 68608K, used 16017K [0x00000000c0000000, 0x00000000c4300000, 0x00000000eab00000)
  object space 68608K, 23% used [0x00000000c0000000,0x00000000c0fa4408,0x00000000c4300000)
 Metaspace       used 40559K, committed 41408K, reserved 1114112K
  class space    used 4128K, committed 4480K, reserved 1048576K
}
Event: 5.777 GC heap before
{Heap before GC invocations=15 (full 2):
 PSYoungGen      total 24064K, used 24051K [0x00000000eab00000, 0x00000000ec780000, 0x0000000100000000)
  eden space 22528K, 100% used [0x00000000eab00000,0x00000000ec100000,0x00000000ec100000)
  from space 1536K, 99% used [0x00000000ec600000,0x00000000ec77cec0,0x00000000ec780000)
  to   space 3072K, 0% used [0x00000000ec180000,0x00000000ec180000,0x00000000ec480000)
 ParOldGen       total 68608K, used 16017K [0x00000000c0000000, 0x00000000c4300000, 0x00000000eab00000)
  object space 68608K, 23% used [0x00000000c0000000,0x00000000c0fa4408,0x00000000c4300000)
 Metaspace       used 42474K, committed 43328K, reserved 1114112K
  class space    used 4400K, committed 4800K, reserved 1048576K
}
Event: 5.778 GC heap after
{Heap after GC invocations=15 (full 2):
 PSYoungGen      total 25088K, used 749K [0x00000000eab00000, 0x00000000ec680000, 0x0000000100000000)
  eden space 22016K, 0% used [0x00000000eab00000,0x00000000eab00000,0x00000000ec080000)
  from space 3072K, 24% used [0x00000000ec180000,0x00000000ec23b668,0x00000000ec480000)
  to   space 1536K, 0% used [0x00000000ec500000,0x00000000ec500000,0x00000000ec680000)
 ParOldGen       total 68608K, used 16665K [0x00000000c0000000, 0x00000000c4300000, 0x00000000eab00000)
  object space 68608K, 24% used [0x00000000c0000000,0x00000000c1046418,0x00000000c4300000)
 Metaspace       used 42474K, committed 43328K, reserved 1114112K
  class space    used 4400K, committed 4800K, reserved 1048576K
}
Event: 6.044 GC heap before
{Heap before GC invocations=16 (full 2):
 PSYoungGen      total 25088K, used 22765K [0x00000000eab00000, 0x00000000ec680000, 0x0000000100000000)
  eden space 22016K, 100% used [0x00000000eab00000,0x00000000ec080000,0x00000000ec080000)
  from space 3072K, 24% used [0x00000000ec180000,0x00000000ec23b668,0x00000000ec480000)
  to   space 1536K, 0% used [0x00000000ec500000,0x00000000ec500000,0x00000000ec680000)
 ParOldGen       total 68608K, used 16665K [0x00000000c0000000, 0x00000000c4300000, 0x00000000eab00000)
  object space 68608K, 24% used [0x00000000c0000000,0x00000000c1046418,0x00000000c4300000)
 Metaspace       used 44142K, committed 44992K, reserved 1114112K
  class space    used 4617K, committed 4992K, reserved 1048576K
}
Event: 6.045 GC heap after
{Heap after GC invocations=16 (full 2):
 PSYoungGen      total 23040K, used 672K [0x00000000eab00000, 0x00000000ec600000, 0x0000000100000000)
  eden space 22016K, 0% used [0x00000000eab00000,0x00000000eab00000,0x00000000ec080000)
  from space 1024K, 65% used [0x00000000ec500000,0x00000000ec5a8000,0x00000000ec600000)
  to   space 1024K, 0% used [0x00000000ec400000,0x00000000ec400000,0x00000000ec500000)
 ParOldGen       total 68608K, used 17185K [0x00000000c0000000, 0x00000000c4300000, 0x00000000eab00000)
  object space 68608K, 25% used [0x00000000c0000000,0x00000000c10c8418,0x00000000c4300000)
 Metaspace       used 44142K, committed 44992K, reserved 1114112K
  class space    used 4617K, committed 4992K, reserved 1048576K
}
Event: 6.445 GC heap before
{Heap before GC invocations=17 (full 2):
 PSYoungGen      total 23040K, used 22688K [0x00000000eab00000, 0x00000000ec600000, 0x0000000100000000)
  eden space 22016K, 100% used [0x00000000eab00000,0x00000000ec080000,0x00000000ec080000)
  from space 1024K, 65% used [0x00000000ec500000,0x00000000ec5a8000,0x00000000ec600000)
  to   space 1024K, 0% used [0x00000000ec400000,0x00000000ec400000,0x00000000ec500000)
 ParOldGen       total 68608K, used 17185K [0x00000000c0000000, 0x00000000c4300000, 0x00000000eab00000)
  object space 68608K, 25% used [0x00000000c0000000,0x00000000c10c8418,0x00000000c4300000)
 Metaspace       used 46626K, committed 47424K, reserved 1114112K
  class space    used 4938K, committed 5312K, reserved 1048576K
}
Event: 6.447 GC heap after
{Heap after GC invocations=17 (full 2):
 PSYoungGen      total 23040K, used 1024K [0x00000000eab00000, 0x00000000ec580000, 0x0000000100000000)
  eden space 22016K, 0% used [0x00000000eab00000,0x00000000eab00000,0x00000000ec080000)
  from space 1024K, 100% used [0x00000000ec400000,0x00000000ec500000,0x00000000ec500000)
  to   space 512K, 0% used [0x00000000ec500000,0x00000000ec500000,0x00000000ec580000)
 ParOldGen       total 68608K, used 17737K [0x00000000c0000000, 0x00000000c4300000, 0x00000000eab00000)
  object space 68608K, 25% used [0x00000000c0000000,0x00000000c1152418,0x00000000c4300000)
 Metaspace       used 46626K, committed 47424K, reserved 1114112K
  class space    used 4938K, committed 5312K, reserved 1048576K
}
Event: 7.033 GC heap before
{Heap before GC invocations=18 (full 2):
 PSYoungGen      total 23040K, used 23040K [0x00000000eab00000, 0x00000000ec580000, 0x0000000100000000)
  eden space 22016K, 100% used [0x00000000eab00000,0x00000000ec080000,0x00000000ec080000)
  from space 1024K, 100% used [0x00000000ec400000,0x00000000ec500000,0x00000000ec500000)
  to   space 512K, 0% used [0x00000000ec500000,0x00000000ec500000,0x00000000ec580000)
 ParOldGen       total 68608K, used 17737K [0x00000000c0000000, 0x00000000c4300000, 0x00000000eab00000)
  object space 68608K, 25% used [0x00000000c0000000,0x00000000c1152418,0x00000000c4300000)
 Metaspace       used 49260K, committed 50112K, reserved 1114112K
  class space    used 5287K, committed 5696K, reserved 1048576K
}
Event: 7.035 GC heap after
{Heap after GC invocations=18 (full 2):
 PSYoungGen      total 22528K, used 512K [0x00000000eab00000, 0x00000000ec580000, 0x0000000100000000)
  eden space 22016K, 0% used [0x00000000eab00000,0x00000000eab00000,0x00000000ec080000)
  from space 512K, 100% used [0x00000000ec500000,0x00000000ec580000,0x00000000ec580000)
  to   space 2560K, 0% used [0x00000000ec080000,0x00000000ec080000,0x00000000ec300000)
 ParOldGen       total 68608K, used 19320K [0x00000000c0000000, 0x00000000c4300000, 0x00000000eab00000)
  object space 68608K, 28% used [0x00000000c0000000,0x00000000c12de138,0x00000000c4300000)
 Metaspace       used 49260K, committed 50112K, reserved 1114112K
  class space    used 5287K, committed 5696K, reserved 1048576K
}
Event: 7.501 GC heap before
{Heap before GC invocations=19 (full 2):
 PSYoungGen      total 22528K, used 22528K [0x00000000eab00000, 0x00000000ec580000, 0x0000000100000000)
  eden space 22016K, 100% used [0x00000000eab00000,0x00000000ec080000,0x00000000ec080000)
  from space 512K, 100% used [0x00000000ec500000,0x00000000ec580000,0x00000000ec580000)
  to   space 2560K, 0% used [0x00000000ec080000,0x00000000ec080000,0x00000000ec300000)
 ParOldGen       total 68608K, used 19320K [0x00000000c0000000, 0x00000000c4300000, 0x00000000eab00000)
  object space 68608K, 28% used [0x00000000c0000000,0x00000000c12de138,0x00000000c4300000)
 Metaspace       used 51519K, committed 52480K, reserved 1114112K
  class space    used 5566K, committed 5952K, reserved 1048576K
}
Event: 7.503 GC heap after
{Heap after GC invocations=19 (full 2):
 PSYoungGen      total 24576K, used 2007K [0x00000000eab00000, 0x00000000ec580000, 0x0000000100000000)
  eden space 22016K, 0% used [0x00000000eab00000,0x00000000eab00000,0x00000000ec080000)
  from space 2560K, 78% used [0x00000000ec080000,0x00000000ec275c60,0x00000000ec300000)
  to   space 2048K, 0% used [0x00000000ec380000,0x00000000ec380000,0x00000000ec580000)
 ParOldGen       total 68608K, used 19848K [0x00000000c0000000, 0x00000000c4300000, 0x00000000eab00000)
  object space 68608K, 28% used [0x00000000c0000000,0x00000000c1362138,0x00000000c4300000)
 Metaspace       used 51519K, committed 52480K, reserved 1114112K
  class space    used 5566K, committed 5952K, reserved 1048576K
}

