# JRE version: OpenJDK Runtime Environment Temurin-17.0.12+7 (17.0.12+7) (build 17.0.12+7)
# Java VM: OpenJDK 64-Bit Server VM Temurin-17.0.12+7 (17.0.12+7, mixed mode, tiered, compressed oops, compressed class ptrs, parallel gc, windows-amd64)
GC Precious Log:
 CPUs: 12 total, 12 available
 Memory: 15761M
 Large Page Support: Disabled
 NUMA Support: Disabled
 Compressed Oops: Enabled (32-bit)
 Alignments: Space 512K, Generation 512K, Heap 2M
 Heap Min Capacity: 100M
 Heap Initial Capacity: 100M
 Heap Max Capacity: 1G
 Pre-touch: Disabled
 Parallel Workers: 10
Heap:
 PSYoungGen      total 43008K, used 42992K [0x00000000eab00000, 0x00000000ee980000, 0x0000000100000000)
  eden space 31232K, 100% used [0x00000000eab00000,0x00000000ec980000,0x00000000ec980000)
  from space 11776K, 99% used [0x00000000ec980000,0x00000000ed4fc010,0x00000000ed500000)
  to   space 15872K, 0% used [0x00000000eda00000,0x00000000eda00000,0x00000000ee980000)
 ParOldGen       total 252928K, used 248808K [0x00000000c0000000, 0x00000000cf700000, 0x00000000eab00000)
  object space 252928K, 98% used [0x00000000c0000000,0x00000000cf2fa3a8,0x00000000cf700000)
 Metaspace       used 70255K, committed 71424K, reserved 1114112K
  class space    used 8599K, committed 9152K, reserved 1048576K
GC Heap History (20 events):
Event: 25.242 GC heap before
{Heap before GC invocations=284 (full 14):
 PSYoungGen      total 41984K, used 10520K [0x00000000eab00000, 0x00000000ee280000, 0x0000000100000000)
  eden space 31232K, 0% used [0x00000000eab00000,0x00000000eab00000,0x00000000ec980000)
  from space 10752K, 97% used [0x00000000ed800000,0x00000000ee246010,0x00000000ee280000)
  to   space 12288K, 0% used [0x00000000eca80000,0x00000000eca80000,0x00000000ed680000)
 ParOldGen       total 209408K, used 209405K [0x00000000c0000000, 0x00000000ccc80000, 0x00000000eab00000)
  object space 209408K, 99% used [0x00000000c0000000,0x00000000ccc7f478,0x00000000ccc80000)
 Metaspace       used 70243K, committed 71424K, reserved 1114112K
  class space    used 8598K, committed 9152K, reserved 1048576K
}
Event: 25.344 GC heap after
{Heap after GC invocations=284 (full 14):
 PSYoungGen      total 44544K, used 7713K [0x00000000eab00000, 0x00000000ee500000, 0x0000000100000000)
  eden space 33792K, 0% used [0x00000000eab00000,0x00000000eab00000,0x00000000ecc00000)
  from space 10752K, 71% used [0x00000000ed800000,0x00000000edf88748,0x00000000ee280000)
  to   space 12288K, 0% used [0x00000000ecc00000,0x00000000ecc00000,0x00000000ed800000)
 ParOldGen       total 252928K, used 209372K [0x00000000c0000000, 0x00000000cf700000, 0x00000000eab00000)
  object space 252928K, 82% used [0x00000000c0000000,0x00000000ccc77130,0x00000000cf700000)
 Metaspace       used 70243K, committed 71424K, reserved 1114112K
  class space    used 8598K, committed 9152K, reserved 1048576K
}
Event: 25.438 GC heap before
{Heap before GC invocations=285 (full 14):
 PSYoungGen      total 44544K, used 41505K [0x00000000eab00000, 0x00000000ee500000, 0x0000000100000000)
  eden space 33792K, 100% used [0x00000000eab00000,0x00000000ecc00000,0x00000000ecc00000)
  from space 10752K, 71% used [0x00000000ed800000,0x00000000edf88748,0x00000000ee280000)
  to   space 12288K, 0% used [0x00000000ecc00000,0x00000000ecc00000,0x00000000ed800000)
 ParOldGen       total 252928K, used 209372K [0x00000000c0000000, 0x00000000cf700000, 0x00000000eab00000)
  object space 252928K, 82% used [0x00000000c0000000,0x00000000ccc77130,0x00000000cf700000)
 Metaspace       used 70253K, committed 71424K, reserved 1114112K
  class space    used 8599K, committed 9152K, reserved 1048576K
}
Event: 25.447 GC heap after
{Heap after GC invocations=285 (full 14):
 PSYoungGen      total 46080K, used 10880K [0x00000000eab00000, 0x00000000ee580000, 0x0000000100000000)
  eden space 33792K, 0% used [0x00000000eab00000,0x00000000eab00000,0x00000000ecc00000)
  from space 12288K, 88% used [0x00000000ecc00000,0x00000000ed6a0000,0x00000000ed800000)
  to   space 11264K, 0% used [0x00000000eda80000,0x00000000eda80000,0x00000000ee580000)
 ParOldGen       total 252928K, used 211916K [0x00000000c0000000, 0x00000000cf700000, 0x00000000eab00000)
  object space 252928K, 83% used [0x00000000c0000000,0x00000000ccef3130,0x00000000cf700000)
 Metaspace       used 70253K, committed 71424K, reserved 1114112K
  class space    used 8599K, committed 9152K, reserved 1048576K
}
Event: 25.538 GC heap before
{Heap before GC invocations=286 (full 14):
 PSYoungGen      total 46080K, used 44672K [0x00000000eab00000, 0x00000000ee580000, 0x0000000100000000)
  eden space 33792K, 100% used [0x00000000eab00000,0x00000000ecc00000,0x00000000ecc00000)
  from space 12288K, 88% used [0x00000000ecc00000,0x00000000ed6a0000,0x00000000ed800000)
  to   space 11264K, 0% used [0x00000000eda80000,0x00000000eda80000,0x00000000ee580000)
 ParOldGen       total 252928K, used 211916K [0x00000000c0000000, 0x00000000cf700000, 0x00000000eab00000)
  object space 252928K, 83% used [0x00000000c0000000,0x00000000ccef3130,0x00000000cf700000)
 Metaspace       used 70254K, committed 71424K, reserved 1114112K
  class space    used 8599K, committed 9152K, reserved 1048576K
}
Event: 25.544 GC heap after
{Heap after GC invocations=286 (full 14):
 PSYoungGen      total 43008K, used 11264K [0x00000000eab00000, 0x00000000eec80000, 0x0000000100000000)
  eden space 31744K, 0% used [0x00000000eab00000,0x00000000eab00000,0x00000000eca00000)
  from space 11264K, 100% used [0x00000000eda80000,0x00000000ee580000,0x00000000ee580000)
  to   space 16896K, 0% used [0x00000000eca00000,0x00000000eca00000,0x00000000eda80000)
 ParOldGen       total 252928K, used 216632K [0x00000000c0000000, 0x00000000cf700000, 0x00000000eab00000)
  object space 252928K, 85% used [0x00000000c0000000,0x00000000cd38e338,0x00000000cf700000)
 Metaspace       used 70254K, committed 71424K, reserved 1114112K
  class space    used 8599K, committed 9152K, reserved 1048576K
}
Event: 25.628 GC heap before
{Heap before GC invocations=287 (full 14):
 PSYoungGen      total 43008K, used 43008K [0x00000000eab00000, 0x00000000eec80000, 0x0000000100000000)
  eden space 31744K, 100% used [0x00000000eab00000,0x00000000eca00000,0x00000000eca00000)
  from space 11264K, 100% used [0x00000000eda80000,0x00000000ee580000,0x00000000ee580000)
  to   space 16896K, 0% used [0x00000000eca00000,0x00000000eca00000,0x00000000eda80000)
 ParOldGen       total 252928K, used 216632K [0x00000000c0000000, 0x00000000cf700000, 0x00000000eab00000)
  object space 252928K, 85% used [0x00000000c0000000,0x00000000cd38e338,0x00000000cf700000)
 Metaspace       used 70254K, committed 71424K, reserved 1114112K
  class space    used 8599K, committed 9152K, reserved 1048576K
}
Event: 25.636 GC heap after
{Heap after GC invocations=287 (full 14):
 PSYoungGen      total 44544K, used 12832K [0x00000000eab00000, 0x00000000ee580000, 0x0000000100000000)
  eden space 31232K, 0% used [0x00000000eab00000,0x00000000eab00000,0x00000000ec980000)
  from space 13312K, 96% used [0x00000000eca00000,0x00000000ed688000,0x00000000ed700000)
  to   space 14336K, 0% used [0x00000000ed780000,0x00000000ed780000,0x00000000ee580000)
 ParOldGen       total 252928K, used 220408K [0x00000000c0000000, 0x00000000cf700000, 0x00000000eab00000)
  object space 252928K, 87% used [0x00000000c0000000,0x00000000cd73e338,0x00000000cf700000)
 Metaspace       used 70254K, committed 71424K, reserved 1114112K
  class space    used 8599K, committed 9152K, reserved 1048576K
}
Event: 25.705 GC heap before
{Heap before GC invocations=288 (full 14):
 PSYoungGen      total 44544K, used 44064K [0x00000000eab00000, 0x00000000ee580000, 0x0000000100000000)
  eden space 31232K, 100% used [0x00000000eab00000,0x00000000ec980000,0x00000000ec980000)
  from space 13312K, 96% used [0x00000000eca00000,0x00000000ed688000,0x00000000ed700000)
  to   space 14336K, 0% used [0x00000000ed780000,0x00000000ed780000,0x00000000ee580000)
 ParOldGen       total 252928K, used 220408K [0x00000000c0000000, 0x00000000cf700000, 0x00000000eab00000)
  object space 252928K, 87% used [0x00000000c0000000,0x00000000cd73e338,0x00000000cf700000)
 Metaspace       used 70254K, committed 71424K, reserved 1114112K
  class space    used 8599K, committed 9152K, reserved 1048576K
}
Event: 25.712 GC heap after
{Heap after GC invocations=288 (full 14):
 PSYoungGen      total 40960K, used 14336K [0x00000000eab00000, 0x00000000eee00000, 0x0000000100000000)
  eden space 26624K, 0% used [0x00000000eab00000,0x00000000eab00000,0x00000000ec500000)
  from space 14336K, 100% used [0x00000000ed780000,0x00000000ee580000,0x00000000ee580000)
  to   space 18944K, 0% used [0x00000000ec500000,0x00000000ec500000,0x00000000ed780000)
 ParOldGen       total 252928K, used 223712K [0x00000000c0000000, 0x00000000cf700000, 0x00000000eab00000)
  object space 252928K, 88% used [0x00000000c0000000,0x00000000cda78338,0x00000000cf700000)
 Metaspace       used 70254K, committed 71424K, reserved 1114112K
  class space    used 8599K, committed 9152K, reserved 1048576K
}
Event: 25.820 GC heap before
{Heap before GC invocations=289 (full 14):
 PSYoungGen      total 40960K, used 40960K [0x00000000eab00000, 0x00000000eee00000, 0x0000000100000000)
  eden space 26624K, 100% used [0x00000000eab00000,0x00000000ec500000,0x00000000ec500000)
  from space 14336K, 100% used [0x00000000ed780000,0x00000000ee580000,0x00000000ee580000)
  to   space 18944K, 0% used [0x00000000ec500000,0x00000000ec500000,0x00000000ed780000)
 ParOldGen       total 252928K, used 223712K [0x00000000c0000000, 0x00000000cf700000, 0x00000000eab00000)
  object space 252928K, 88% used [0x00000000c0000000,0x00000000cda78338,0x00000000cf700000)
 Metaspace       used 70254K, committed 71424K, reserved 1114112K
  class space    used 8599K, committed 9152K, reserved 1048576K
}
Event: 25.833 GC heap after
{Heap after GC invocations=289 (full 14):
 PSYoungGen      total 41984K, used 14880K [0x00000000eab00000, 0x00000000ee680000, 0x0000000100000000)
  eden space 26624K, 0% used [0x00000000eab00000,0x00000000eab00000,0x00000000ec500000)
  from space 15360K, 96% used [0x00000000ec500000,0x00000000ed388008,0x00000000ed400000)
  to   space 15872K, 0% used [0x00000000ed700000,0x00000000ed700000,0x00000000ee680000)
 ParOldGen       total 252928K, used 230308K [0x00000000c0000000, 0x00000000cf700000, 0x00000000eab00000)
  object space 252928K, 91% used [0x00000000c0000000,0x00000000ce0e9368,0x00000000cf700000)
 Metaspace       used 70254K, committed 71424K, reserved 1114112K
  class space    used 8599K, committed 9152K, reserved 1048576K
}
Event: 25.909 GC heap before
{Heap before GC invocations=290 (full 14):
 PSYoungGen      total 41984K, used 41504K [0x00000000eab00000, 0x00000000ee680000, 0x0000000100000000)
  eden space 26624K, 100% used [0x00000000eab00000,0x00000000ec500000,0x00000000ec500000)
  from space 15360K, 96% used [0x00000000ec500000,0x00000000ed388008,0x00000000ed400000)
  to   space 15872K, 0% used [0x00000000ed700000,0x00000000ed700000,0x00000000ee680000)
 ParOldGen       total 252928K, used 230308K [0x00000000c0000000, 0x00000000cf700000, 0x00000000eab00000)
  object space 252928K, 91% used [0x00000000c0000000,0x00000000ce0e9368,0x00000000cf700000)
 Metaspace       used 70254K, committed 71424K, reserved 1114112K
  class space    used 8599K, committed 9152K, reserved 1048576K
}
Event: 25.919 GC heap after
{Heap after GC invocations=290 (full 14):
 PSYoungGen      total 41984K, used 15840K [0x00000000eab00000, 0x00000000eed00000, 0x0000000100000000)
  eden space 26112K, 0% used [0x00000000eab00000,0x00000000eab00000,0x00000000ec480000)
  from space 15872K, 99% used [0x00000000ed700000,0x00000000ee678008,0x00000000ee680000)
  to   space 18944K, 0% used [0x00000000ec480000,0x00000000ec480000,0x00000000ed700000)
 ParOldGen       total 252928K, used 232762K [0x00000000c0000000, 0x00000000cf700000, 0x00000000eab00000)
  object space 252928K, 92% used [0x00000000c0000000,0x00000000ce34e980,0x00000000cf700000)
 Metaspace       used 70254K, committed 71424K, reserved 1114112K
  class space    used 8599K, committed 9152K, reserved 1048576K
}
Event: 25.979 GC heap before
{Heap before GC invocations=291 (full 14):
 PSYoungGen      total 41984K, used 41952K [0x00000000eab00000, 0x00000000eed00000, 0x0000000100000000)
  eden space 26112K, 100% used [0x00000000eab00000,0x00000000ec480000,0x00000000ec480000)
  from space 15872K, 99% used [0x00000000ed700000,0x00000000ee678008,0x00000000ee680000)
  to   space 18944K, 0% used [0x00000000ec480000,0x00000000ec480000,0x00000000ed700000)
 ParOldGen       total 252928K, used 232762K [0x00000000c0000000, 0x00000000cf700000, 0x00000000eab00000)
  object space 252928K, 92% used [0x00000000c0000000,0x00000000ce34e980,0x00000000cf700000)
 Metaspace       used 70254K, committed 71424K, reserved 1114112K
  class space    used 8599K, committed 9152K, reserved 1048576K
}
Event: 25.990 GC heap after
{Heap after GC invocations=291 (full 14):
 PSYoungGen      total 38400K, used 12256K [0x00000000eab00000, 0x00000000ee480000, 0x0000000100000000)
  eden space 26112K, 0% used [0x00000000eab00000,0x00000000eab00000,0x00000000ec480000)
  from space 12288K, 99% used [0x00000000ec480000,0x00000000ed078008,0x00000000ed080000)
  to   space 14848K, 0% used [0x00000000ed600000,0x00000000ed600000,0x00000000ee480000)
 ParOldGen       total 252928K, used 240178K [0x00000000c0000000, 0x00000000cf700000, 0x00000000eab00000)
  object space 252928K, 94% used [0x00000000c0000000,0x00000000cea8c980,0x00000000cf700000)
 Metaspace       used 70254K, committed 71424K, reserved 1114112K
  class space    used 8599K, committed 9152K, reserved 1048576K
}
Event: 26.073 GC heap before
{Heap before GC invocations=292 (full 14):
 PSYoungGen      total 38400K, used 38368K [0x00000000eab00000, 0x00000000ee480000, 0x0000000100000000)
  eden space 26112K, 100% used [0x00000000eab00000,0x00000000ec480000,0x00000000ec480000)
  from space 12288K, 99% used [0x00000000ec480000,0x00000000ed078008,0x00000000ed080000)
  to   space 14848K, 0% used [0x00000000ed600000,0x00000000ed600000,0x00000000ee480000)
 ParOldGen       total 252928K, used 240178K [0x00000000c0000000, 0x00000000cf700000, 0x00000000eab00000)
  object space 252928K, 94% used [0x00000000c0000000,0x00000000cea8c980,0x00000000cf700000)
 Metaspace       used 70255K, committed 71424K, reserved 1114112K
  class space    used 8599K, committed 9152K, reserved 1048576K
}
Event: 26.083 GC heap after
{Heap after GC invocations=292 (full 14):
 PSYoungGen      total 39936K, used 10528K [0x00000000eab00000, 0x00000000ee080000, 0x0000000100000000)
  eden space 29184K, 0% used [0x00000000eab00000,0x00000000eab00000,0x00000000ec780000)
  from space 10752K, 97% used [0x00000000ed600000,0x00000000ee048000,0x00000000ee080000)
  to   space 11776K, 0% used [0x00000000ec980000,0x00000000ec980000,0x00000000ed500000)
 ParOldGen       total 252928K, used 245786K [0x00000000c0000000, 0x00000000cf700000, 0x00000000eab00000)
  object space 252928K, 97% used [0x00000000c0000000,0x00000000cf006988,0x00000000cf700000)
 Metaspace       used 70255K, committed 71424K, reserved 1114112K
  class space    used 8599K, committed 9152K, reserved 1048576K
}
Event: 26.153 GC heap before
{Heap before GC invocations=293 (full 14):
 PSYoungGen      total 39936K, used 39712K [0x00000000eab00000, 0x00000000ee080000, 0x0000000100000000)
  eden space 29184K, 100% used [0x00000000eab00000,0x00000000ec780000,0x00000000ec780000)
  from space 10752K, 97% used [0x00000000ed600000,0x00000000ee048000,0x00000000ee080000)
  to   space 11776K, 0% used [0x00000000ec980000,0x00000000ec980000,0x00000000ed500000)
 ParOldGen       total 252928K, used 245786K [0x00000000c0000000, 0x00000000cf700000, 0x00000000eab00000)
  object space 252928K, 97% used [0x00000000c0000000,0x00000000cf006988,0x00000000cf700000)
 Metaspace       used 70255K, committed 71424K, reserved 1114112K
  class space    used 8599K, committed 9152K, reserved 1048576K
}
Event: 26.159 GC heap after
{Heap after GC invocations=293 (full 14):
 PSYoungGen      total 43008K, used 11760K [0x00000000eab00000, 0x00000000ee980000, 0x0000000100000000)
  eden space 31232K, 0% used [0x00000000eab00000,0x00000000eab00000,0x00000000ec980000)
  from space 11776K, 99% used [0x00000000ec980000,0x00000000ed4fc010,0x00000000ed500000)
  to   space 15872K, 0% used [0x00000000eda00000,0x00000000eda00000,0x00000000ee980000)
 ParOldGen       total 252928K, used 248808K [0x00000000c0000000, 0x00000000cf700000, 0x00000000eab00000)
  object space 252928K, 98% used [0x00000000c0000000,0x00000000cf2fa3a8,0x00000000cf700000)
 Metaspace       used 70255K, committed 71424K, reserved 1114112K
  class space    used 8599K, committed 9152K, reserved 1048576K
}

