# JRE version: OpenJDK Runtime Environment Microsoft-9889599 (17.0.12+7) (build 17.0.12+7-LTS)
# Java VM: OpenJDK 64-Bit Server VM Microsoft-9889599 (17.0.12+7-LTS, mixed mode, sharing, tiered, compressed oops, compressed class ptrs, g1 gc, windows-amd64)
GC Precious Log:
 CPUs: 12 total, 12 available
 Memory: 15761M
 Large Page Support: Disabled
 NUMA Support: Disabled
 Compressed Oops: Enabled (Zero based)
 Heap Region Size: 2M
 Heap Min Capacity: 8M
 Heap Initial Capacity: 248M
 Heap Max Capacity: 4G
 Pre-touch: Disabled
 Parallel Workers: 10
 Concurrent Workers: 3
 Concurrent Refinement Workers: 10
 Periodic GC: Disabled
Heap:
 garbage-first heap   total 524288K, used 435889K [0x0000000700000000, 0x0000000800000000)
  region size 2048K, 2 young (4096K), 2 survivors (4096K)
 Metaspace       used 123262K, committed 125120K, reserved 1179648K
  class space    used 17191K, committed 18048K, reserved 1048576K
GC Heap History (20 events):
Event: 52.289 GC heap after
{Heap after GC invocations=82 (full 0):
 garbage-first heap   total 524288K, used 359903K [0x0000000700000000, 0x0000000800000000)
  region size 2048K, 5 young (10240K), 5 survivors (10240K)
 Metaspace       used 121800K, committed 123328K, reserved 1179648K
  class space    used 17011K, committed 17728K, reserved 1048576K
}
Event: 52.843 GC heap before
{Heap before GC invocations=82 (full 0):
 garbage-first heap   total 524288K, used 429535K [0x0000000700000000, 0x0000000800000000)
  region size 2048K, 40 young (81920K), 5 survivors (10240K)
 Metaspace       used 121898K, committed 123456K, reserved 1179648K
  class space    used 17011K, committed 17728K, reserved 1048576K
}
Event: 52.854 GC heap after
{Heap after GC invocations=83 (full 0):
 garbage-first heap   total 524288K, used 370845K [0x0000000700000000, 0x0000000800000000)
  region size 2048K, 5 young (10240K), 5 survivors (10240K)
 Metaspace       used 121898K, committed 123456K, reserved 1179648K
  class space    used 17011K, committed 17728K, reserved 1048576K
}
Event: 53.465 GC heap before
{Heap before GC invocations=83 (full 0):
 garbage-first heap   total 524288K, used 436381K [0x0000000700000000, 0x0000000800000000)
  region size 2048K, 37 young (75776K), 5 survivors (10240K)
 Metaspace       used 122051K, committed 123648K, reserved 1179648K
  class space    used 17023K, committed 17728K, reserved 1048576K
}
Event: 53.478 GC heap after
{Heap after GC invocations=84 (full 0):
 garbage-first heap   total 524288K, used 386241K [0x0000000700000000, 0x0000000800000000)
  region size 2048K, 5 young (10240K), 5 survivors (10240K)
 Metaspace       used 122051K, committed 123648K, reserved 1179648K
  class space    used 17023K, committed 17728K, reserved 1048576K
}
Event: 55.705 GC heap before
{Heap before GC invocations=84 (full 0):
 garbage-first heap   total 524288K, used 439489K [0x0000000700000000, 0x0000000800000000)
  region size 2048K, 31 young (63488K), 5 survivors (10240K)
 Metaspace       used 122163K, committed 123712K, reserved 1179648K
  class space    used 17024K, committed 17728K, reserved 1048576K
}
Event: 55.712 GC heap after
{Heap after GC invocations=85 (full 0):
 garbage-first heap   total 524288K, used 393441K [0x0000000700000000, 0x0000000800000000)
  region size 2048K, 4 young (8192K), 4 survivors (8192K)
 Metaspace       used 122163K, committed 123712K, reserved 1179648K
  class space    used 17024K, committed 17728K, reserved 1048576K
}
Event: 55.998 GC heap before
{Heap before GC invocations=85 (full 0):
 garbage-first heap   total 524288K, used 442593K [0x0000000700000000, 0x0000000800000000)
  region size 2048K, 29 young (59392K), 4 survivors (8192K)
 Metaspace       used 122425K, committed 124032K, reserved 1179648K
  class space    used 17062K, committed 17792K, reserved 1048576K
}
Event: 56.004 GC heap after
{Heap after GC invocations=86 (full 0):
 garbage-first heap   total 524288K, used 399637K [0x0000000700000000, 0x0000000800000000)
  region size 2048K, 4 young (8192K), 4 survivors (8192K)
 Metaspace       used 122425K, committed 124032K, reserved 1179648K
  class space    used 17062K, committed 17792K, reserved 1048576K
}
Event: 56.403 GC heap before
{Heap before GC invocations=86 (full 0):
 garbage-first heap   total 524288K, used 444693K [0x0000000700000000, 0x0000000800000000)
  region size 2048K, 27 young (55296K), 4 survivors (8192K)
 Metaspace       used 122509K, committed 124096K, reserved 1179648K
  class space    used 17062K, committed 17792K, reserved 1048576K
}
Event: 56.409 GC heap after
{Heap after GC invocations=87 (full 0):
 garbage-first heap   total 524288K, used 408395K [0x0000000700000000, 0x0000000800000000)
  region size 2048K, 4 young (8192K), 4 survivors (8192K)
 Metaspace       used 122509K, committed 124096K, reserved 1179648K
  class space    used 17062K, committed 17792K, reserved 1048576K
}
Event: 56.542 GC heap before
{Heap before GC invocations=87 (full 0):
 garbage-first heap   total 524288K, used 449355K [0x0000000700000000, 0x0000000800000000)
  region size 2048K, 24 young (49152K), 4 survivors (8192K)
 Metaspace       used 122532K, committed 124096K, reserved 1179648K
  class space    used 17062K, committed 17792K, reserved 1048576K
}
Event: 56.549 GC heap after
{Heap after GC invocations=88 (full 0):
 garbage-first heap   total 524288K, used 418572K [0x0000000700000000, 0x0000000800000000)
  region size 2048K, 3 young (6144K), 3 survivors (6144K)
 Metaspace       used 122532K, committed 124096K, reserved 1179648K
  class space    used 17062K, committed 17792K, reserved 1048576K
}
Event: 56.689 GC heap before
{Heap before GC invocations=88 (full 0):
 garbage-first heap   total 524288K, used 449292K [0x0000000700000000, 0x0000000800000000)
  region size 2048K, 18 young (36864K), 3 survivors (6144K)
 Metaspace       used 122560K, committed 124160K, reserved 1179648K
  class space    used 17062K, committed 17792K, reserved 1048576K
}
Event: 56.695 GC heap after
{Heap after GC invocations=89 (full 0):
 garbage-first heap   total 524288K, used 425333K [0x0000000700000000, 0x0000000800000000)
  region size 2048K, 3 young (6144K), 3 survivors (6144K)
 Metaspace       used 122560K, committed 124160K, reserved 1179648K
  class space    used 17062K, committed 17792K, reserved 1048576K
}
Event: 58.522 GC heap before
{Heap before GC invocations=89 (full 0):
 garbage-first heap   total 524288K, used 454005K [0x0000000700000000, 0x0000000800000000)
  region size 2048K, 17 young (34816K), 3 survivors (6144K)
 Metaspace       used 122936K, committed 124736K, reserved 1179648K
  class space    used 17140K, committed 17984K, reserved 1048576K
}
Event: 58.527 GC heap after
{Heap after GC invocations=90 (full 0):
 garbage-first heap   total 524288K, used 430156K [0x0000000700000000, 0x0000000800000000)
  region size 2048K, 3 young (6144K), 3 survivors (6144K)
 Metaspace       used 122936K, committed 124736K, reserved 1179648K
  class space    used 17140K, committed 17984K, reserved 1048576K
}
Event: 58.735 GC heap before
{Heap before GC invocations=90 (full 0):
 garbage-first heap   total 524288K, used 454732K [0x0000000700000000, 0x0000000800000000)
  region size 2048K, 15 young (30720K), 3 survivors (6144K)
 Metaspace       used 123044K, committed 124864K, reserved 1179648K
  class space    used 17154K, committed 17984K, reserved 1048576K
}
Event: 58.739 GC heap after
{Heap after GC invocations=91 (full 0):
 garbage-first heap   total 524288K, used 433954K [0x0000000700000000, 0x0000000800000000)
  region size 2048K, 2 young (4096K), 2 survivors (4096K)
 Metaspace       used 123044K, committed 124864K, reserved 1179648K
  class space    used 17154K, committed 17984K, reserved 1048576K
}
Event: 59.206 GC heap before
{Heap before GC invocations=91 (full 0):
 garbage-first heap   total 524288K, used 458530K [0x0000000700000000, 0x0000000800000000)
  region size 2048K, 14 young (28672K), 2 survivors (4096K)
 Metaspace       used 123262K, committed 125120K, reserved 1179648K
  class space    used 17191K, committed 18048K, reserved 1048576K
}

