# JRE version: OpenJDK Runtime Environment Microsoft-9889599 (17.0.12+7) (build 17.0.12+7-LTS)
# Java VM: OpenJDK 64-Bit Server VM Microsoft-9889599 (17.0.12+7-LTS, mixed mode, sharing, tiered, compressed oops, compressed class ptrs, g1 gc, windows-amd64)
GC Precious Log:
 CPUs: 12 total, 12 available
 Memory: 15761M
 Large Page Support: Disabled
 NUMA Support: Disabled
 Compressed Oops: Enabled (Zero based)
 Heap Region Size: 2M
 Heap Min Capacity: 8M
 Heap Initial Capacity: 248M
 Heap Max Capacity: 4G
 Pre-touch: Disabled
 Parallel Workers: 10
 Concurrent Workers: 3
 Concurrent Refinement Workers: 10
 Periodic GC: Disabled
Heap:
 garbage-first heap   total 344064K, used 212893K [0x0000000700000000, 0x0000000800000000)
  region size 2048K, 31 young (63488K), 8 survivors (16384K)
 Metaspace       used 103951K, committed 105024K, reserved 1179648K
  class space    used 14596K, committed 15040K, reserved 1048576K
GC Heap History (20 events):
Event: 25.232 GC heap before
{Heap before GC invocations=40 (full 0):
 garbage-first heap   total 202752K, used 147402K [0x0000000700000000, 0x0000000800000000)
  region size 2048K, 21 young (43008K), 3 survivors (6144K)
 Metaspace       used 87058K, committed 87936K, reserved 1179648K
  class space    used 12312K, committed 12736K, reserved 1048576K
}
Event: 25.237 GC heap after
{Heap after GC invocations=41 (full 0):
 garbage-first heap   total 202752K, used 120267K [0x0000000700000000, 0x0000000800000000)
  region size 2048K, 3 young (6144K), 3 survivors (6144K)
 Metaspace       used 87058K, committed 87936K, reserved 1179648K
  class space    used 12312K, committed 12736K, reserved 1048576K
}
Event: 25.292 GC heap before
{Heap before GC invocations=41 (full 0):
 garbage-first heap   total 202752K, used 122315K [0x0000000700000000, 0x0000000800000000)
  region size 2048K, 4 young (8192K), 3 survivors (6144K)
 Metaspace       used 87246K, committed 88064K, reserved 1179648K
  class space    used 12363K, committed 12736K, reserved 1048576K
}
Event: 25.294 GC heap after
{Heap after GC invocations=42 (full 0):
 garbage-first heap   total 202752K, used 121032K [0x0000000700000000, 0x0000000800000000)
  region size 2048K, 1 young (2048K), 1 survivors (2048K)
 Metaspace       used 87246K, committed 88064K, reserved 1179648K
  class space    used 12363K, committed 12736K, reserved 1048576K
}
Event: 26.622 GC heap before
{Heap before GC invocations=42 (full 0):
 garbage-first heap   total 202752K, used 161992K [0x0000000700000000, 0x0000000800000000)
  region size 2048K, 21 young (43008K), 1 survivors (2048K)
 Metaspace       used 88116K, committed 89024K, reserved 1179648K
  class space    used 12478K, committed 12928K, reserved 1048576K
}
Event: 26.626 GC heap after
{Heap after GC invocations=43 (full 0):
 garbage-first heap   total 202752K, used 127265K [0x0000000700000000, 0x0000000800000000)
  region size 2048K, 3 young (6144K), 3 survivors (6144K)
 Metaspace       used 88116K, committed 89024K, reserved 1179648K
  class space    used 12478K, committed 12928K, reserved 1048576K
}
Event: 27.276 GC heap before
{Heap before GC invocations=44 (full 0):
 garbage-first heap   total 229376K, used 160033K [0x0000000700000000, 0x0000000800000000)
  region size 2048K, 19 young (38912K), 3 survivors (6144K)
 Metaspace       used 88521K, committed 89472K, reserved 1179648K
  class space    used 12532K, committed 12992K, reserved 1048576K
}
Event: 27.281 GC heap after
{Heap after GC invocations=45 (full 0):
 garbage-first heap   total 229376K, used 133291K [0x0000000700000000, 0x0000000800000000)
  region size 2048K, 3 young (6144K), 3 survivors (6144K)
 Metaspace       used 88521K, committed 89472K, reserved 1179648K
  class space    used 12532K, committed 12992K, reserved 1048576K
}
Event: 27.330 GC heap before
{Heap before GC invocations=45 (full 0):
 garbage-first heap   total 229376K, used 135339K [0x0000000700000000, 0x0000000800000000)
  region size 2048K, 5 young (10240K), 3 survivors (6144K)
 Metaspace       used 88545K, committed 89472K, reserved 1179648K
  class space    used 12532K, committed 12992K, reserved 1048576K
}
Event: 27.334 GC heap after
{Heap after GC invocations=46 (full 0):
 garbage-first heap   total 229376K, used 133395K [0x0000000700000000, 0x0000000800000000)
  region size 2048K, 1 young (2048K), 1 survivors (2048K)
 Metaspace       used 88545K, committed 89472K, reserved 1179648K
  class space    used 12532K, committed 12992K, reserved 1048576K
}
Event: 27.731 GC heap before
{Heap before GC invocations=46 (full 0):
 garbage-first heap   total 229376K, used 180499K [0x0000000700000000, 0x0000000800000000)
  region size 2048K, 25 young (51200K), 1 survivors (2048K)
 Metaspace       used 89003K, committed 90048K, reserved 1179648K
  class space    used 12588K, committed 13056K, reserved 1048576K
}
Event: 27.736 GC heap after
{Heap after GC invocations=47 (full 0):
 garbage-first heap   total 229376K, used 148961K [0x0000000700000000, 0x0000000800000000)
  region size 2048K, 4 young (8192K), 4 survivors (8192K)
 Metaspace       used 89003K, committed 90048K, reserved 1179648K
  class space    used 12588K, committed 13056K, reserved 1048576K
}
Event: 29.029 GC heap before
{Heap before GC invocations=48 (full 0):
 garbage-first heap   total 256000K, used 181729K [0x0000000700000000, 0x0000000800000000)
  region size 2048K, 20 young (40960K), 4 survivors (8192K)
 Metaspace       used 91047K, committed 92032K, reserved 1179648K
  class space    used 12889K, committed 13312K, reserved 1048576K
}
Event: 29.032 GC heap after
{Heap after GC invocations=49 (full 0):
 garbage-first heap   total 256000K, used 152260K [0x0000000700000000, 0x0000000800000000)
  region size 2048K, 2 young (4096K), 2 survivors (4096K)
 Metaspace       used 91047K, committed 92032K, reserved 1179648K
  class space    used 12889K, committed 13312K, reserved 1048576K
}
Event: 29.125 GC heap before
{Heap before GC invocations=49 (full 0):
 garbage-first heap   total 256000K, used 160452K [0x0000000700000000, 0x0000000800000000)
  region size 2048K, 6 young (12288K), 2 survivors (4096K)
 Metaspace       used 91801K, committed 92864K, reserved 1179648K
  class space    used 13037K, committed 13504K, reserved 1048576K
}
Event: 29.127 GC heap after
{Heap after GC invocations=50 (full 0):
 garbage-first heap   total 256000K, used 152571K [0x0000000700000000, 0x0000000800000000)
  region size 2048K, 1 young (2048K), 1 survivors (2048K)
 Metaspace       used 91801K, committed 92864K, reserved 1179648K
  class space    used 13037K, committed 13504K, reserved 1048576K
}
Event: 29.846 GC heap before
{Heap before GC invocations=50 (full 0):
 garbage-first heap   total 256000K, used 201723K [0x0000000700000000, 0x0000000800000000)
  region size 2048K, 25 young (51200K), 1 survivors (2048K)
 Metaspace       used 95776K, committed 96832K, reserved 1179648K
  class space    used 13526K, committed 14016K, reserved 1048576K
}
Event: 29.850 GC heap after
{Heap after GC invocations=51 (full 0):
 garbage-first heap   total 344064K, used 157109K [0x0000000700000000, 0x0000000800000000)
  region size 2048K, 3 young (6144K), 3 survivors (6144K)
 Metaspace       used 95776K, committed 96832K, reserved 1179648K
  class space    used 13526K, committed 14016K, reserved 1048576K
}
Event: 31.617 GC heap before
{Heap before GC invocations=51 (full 0):
 garbage-first heap   total 344064K, used 265653K [0x0000000700000000, 0x0000000800000000)
  region size 2048K, 57 young (116736K), 3 survivors (6144K)
 Metaspace       used 97942K, committed 99072K, reserved 1179648K
  class space    used 13841K, committed 14336K, reserved 1048576K
}
Event: 31.626 GC heap after
{Heap after GC invocations=52 (full 0):
 garbage-first heap   total 344064K, used 169885K [0x0000000700000000, 0x0000000800000000)
  region size 2048K, 8 young (16384K), 8 survivors (16384K)
 Metaspace       used 97942K, committed 99072K, reserved 1179648K
  class space    used 13841K, committed 14336K, reserved 1048576K
}

