# JRE version: OpenJDK Runtime Environment Microsoft-9889599 (17.0.12+7) (build 17.0.12+7-LTS)
# Java VM: OpenJDK 64-Bit Server VM Microsoft-9889599 (17.0.12+7-LTS, mixed mode, sharing, tiered, compressed oops, compressed class ptrs, g1 gc, windows-amd64)
GC Precious Log:
 CPUs: 12 total, 12 available
 Memory: 15761M
 Large Page Support: Disabled
 NUMA Support: Disabled
 Compressed Oops: Enabled (Zero based)
 Heap Region Size: 2M
 Heap Min Capacity: 8M
 Heap Initial Capacity: 248M
 Heap Max Capacity: 4G
 Pre-touch: Disabled
 Parallel Workers: 10
 Concurrent Workers: 3
 Concurrent Refinement Workers: 10
 Periodic GC: Disabled
Heap:
 garbage-first heap   total 110592K, used 62304K [0x0000000700000000, 0x0000000800000000)
  region size 2048K, 3 young (6144K), 1 survivors (2048K)
 Metaspace       used 57540K, committed 58112K, reserved 1114112K
  class space    used 8161K, committed 8448K, reserved 1048576K
GC Heap History (20 events):
Event: 10.807 GC heap before
{Heap before GC invocations=4 (full 0):
 garbage-first heap   total 81920K, used 79393K [0x0000000700000000, 0x0000000800000000)
  region size 2048K, 35 young (71680K), 6 survivors (12288K)
 Metaspace       used 29221K, committed 29632K, reserved 1114112K
  class space    used 4108K, committed 4288K, reserved 1048576K
}
Event: 10.816 GC heap after
{Heap after GC invocations=5 (full 0):
 garbage-first heap   total 100352K, used 27852K [0x0000000700000000, 0x0000000800000000)
  region size 2048K, 3 young (6144K), 3 survivors (6144K)
 Metaspace       used 29221K, committed 29632K, reserved 1114112K
  class space    used 4108K, committed 4288K, reserved 1048576K
}
Event: 13.693 GC heap before
{Heap before GC invocations=5 (full 0):
 garbage-first heap   total 100352K, used 72908K [0x0000000700000000, 0x0000000800000000)
  region size 2048K, 24 young (49152K), 3 survivors (6144K)
 Metaspace       used 32575K, committed 32896K, reserved 1114112K
  class space    used 4514K, committed 4672K, reserved 1048576K
}
Event: 13.697 GC heap after
{Heap after GC invocations=6 (full 0):
 garbage-first heap   total 100352K, used 30256K [0x0000000700000000, 0x0000000800000000)
  region size 2048K, 2 young (4096K), 2 survivors (4096K)
 Metaspace       used 32575K, committed 32896K, reserved 1114112K
  class space    used 4514K, committed 4672K, reserved 1048576K
}
Event: 16.708 GC heap before
{Heap before GC invocations=6 (full 0):
 garbage-first heap   total 100352K, used 60976K [0x0000000700000000, 0x0000000800000000)
  region size 2048K, 19 young (38912K), 2 survivors (4096K)
 Metaspace       used 35538K, committed 35968K, reserved 1114112K
  class space    used 4891K, committed 5056K, reserved 1048576K
}
Event: 16.711 GC heap after
{Heap after GC invocations=7 (full 0):
 garbage-first heap   total 100352K, used 31634K [0x0000000700000000, 0x0000000800000000)
  region size 2048K, 3 young (6144K), 3 survivors (6144K)
 Metaspace       used 35538K, committed 35968K, reserved 1114112K
  class space    used 4891K, committed 5056K, reserved 1048576K
}
Event: 20.966 GC heap before
{Heap before GC invocations=8 (full 0):
 garbage-first heap   total 100352K, used 74642K [0x0000000700000000, 0x0000000800000000)
  region size 2048K, 24 young (49152K), 3 survivors (6144K)
 Metaspace       used 39780K, committed 40320K, reserved 1114112K
  class space    used 5607K, committed 5888K, reserved 1048576K
}
Event: 20.970 GC heap after
{Heap after GC invocations=9 (full 0):
 garbage-first heap   total 100352K, used 33340K [0x0000000700000000, 0x0000000800000000)
  region size 2048K, 2 young (4096K), 2 survivors (4096K)
 Metaspace       used 39780K, committed 40320K, reserved 1114112K
  class space    used 5607K, committed 5888K, reserved 1048576K
}
Event: 21.772 GC heap before
{Heap before GC invocations=9 (full 0):
 garbage-first heap   total 100352K, used 76348K [0x0000000700000000, 0x0000000800000000)
  region size 2048K, 23 young (47104K), 2 survivors (4096K)
 Metaspace       used 45048K, committed 45568K, reserved 1114112K
  class space    used 6397K, committed 6656K, reserved 1048576K
}
Event: 21.775 GC heap after
{Heap after GC invocations=10 (full 0):
 garbage-first heap   total 100352K, used 35408K [0x0000000700000000, 0x0000000800000000)
  region size 2048K, 2 young (4096K), 2 survivors (4096K)
 Metaspace       used 45048K, committed 45568K, reserved 1114112K
  class space    used 6397K, committed 6656K, reserved 1048576K
}
Event: 28.697 GC heap before
{Heap before GC invocations=10 (full 0):
 garbage-first heap   total 100352K, used 78416K [0x0000000700000000, 0x0000000800000000)
  region size 2048K, 23 young (47104K), 2 survivors (4096K)
 Metaspace       used 49413K, committed 49920K, reserved 1114112K
  class space    used 6953K, committed 7232K, reserved 1048576K
}
Event: 28.700 GC heap after
{Heap after GC invocations=11 (full 0):
 garbage-first heap   total 100352K, used 37496K [0x0000000700000000, 0x0000000800000000)
  region size 2048K, 2 young (4096K), 2 survivors (4096K)
 Metaspace       used 49413K, committed 49920K, reserved 1114112K
  class space    used 6953K, committed 7232K, reserved 1048576K
}
Event: 30.265 GC heap before
{Heap before GC invocations=11 (full 0):
 garbage-first heap   total 100352K, used 78456K [0x0000000700000000, 0x0000000800000000)
  region size 2048K, 22 young (45056K), 2 survivors (4096K)
 Metaspace       used 53593K, committed 54144K, reserved 1114112K
  class space    used 7604K, committed 7872K, reserved 1048576K
}
Event: 30.268 GC heap after
{Heap after GC invocations=12 (full 0):
 garbage-first heap   total 100352K, used 39707K [0x0000000700000000, 0x0000000800000000)
  region size 2048K, 3 young (6144K), 3 survivors (6144K)
 Metaspace       used 53593K, committed 54144K, reserved 1114112K
  class space    used 7604K, committed 7872K, reserved 1048576K
}
Event: 32.497 GC heap before
{Heap before GC invocations=12 (full 0):
 garbage-first heap   total 100352K, used 78619K [0x0000000700000000, 0x0000000800000000)
  region size 2048K, 22 young (45056K), 3 survivors (6144K)
 Metaspace       used 56858K, committed 57344K, reserved 1114112K
  class space    used 8105K, committed 8320K, reserved 1048576K
}
Event: 32.502 GC heap after
{Heap after GC invocations=13 (full 0):
 garbage-first heap   total 100352K, used 43865K [0x0000000700000000, 0x0000000800000000)
  region size 2048K, 3 young (6144K), 3 survivors (6144K)
 Metaspace       used 56858K, committed 57344K, reserved 1114112K
  class space    used 8105K, committed 8320K, reserved 1048576K
}
Event: 34.009 GC heap before
{Heap before GC invocations=13 (full 0):
 garbage-first heap   total 100352K, used 82777K [0x0000000700000000, 0x0000000800000000)
  region size 2048K, 20 young (40960K), 3 survivors (6144K)
 Metaspace       used 57476K, committed 58112K, reserved 1114112K
  class space    used 8149K, committed 8448K, reserved 1048576K
}
Event: 34.012 GC heap after
{Heap after GC invocations=14 (full 0):
 garbage-first heap   total 100352K, used 57259K [0x0000000700000000, 0x0000000800000000)
  region size 2048K, 3 young (6144K), 3 survivors (6144K)
 Metaspace       used 57476K, committed 58112K, reserved 1114112K
  class space    used 8149K, committed 8448K, reserved 1048576K
}
Event: 34.020 GC heap before
{Heap before GC invocations=14 (full 0):
 garbage-first heap   total 100352K, used 57259K [0x0000000700000000, 0x0000000800000000)
  region size 2048K, 4 young (8192K), 3 survivors (6144K)
 Metaspace       used 57477K, committed 58112K, reserved 1114112K
  class space    used 8149K, committed 8448K, reserved 1048576K
}
Event: 34.022 GC heap after
{Heap after GC invocations=15 (full 0):
 garbage-first heap   total 100352K, used 58208K [0x0000000700000000, 0x0000000800000000)
  region size 2048K, 1 young (2048K), 1 survivors (2048K)
 Metaspace       used 57477K, committed 58112K, reserved 1114112K
  class space    used 8149K, committed 8448K, reserved 1048576K
}

