# JRE version: OpenJDK Runtime Environment Microsoft-9889599 (17.0.12+7) (build 17.0.12+7-LTS)
# Java VM: OpenJDK 64-Bit Server VM Microsoft-9889599 (17.0.12+7-LTS, mixed mode, sharing, tiered, compressed oops, compressed class ptrs, g1 gc, windows-amd64)
GC Precious Log:
 CPUs: 12 total, 12 available
 Memory: 15761M
 Large Page Support: Disabled
 NUMA Support: Disabled
 Compressed Oops: Enabled (Zero based)
 Heap Region Size: 2M
 Heap Min Capacity: 8M
 Heap Initial Capacity: 248M
 Heap Max Capacity: 4G
 Pre-touch: Disabled
 Parallel Workers: 10
 Concurrent Workers: 3
 Concurrent Refinement Workers: 10
 Periodic GC: Disabled
Heap:
 garbage-first heap   total 325632K, used 202368K [0x0000000700000000, 0x0000000800000000)
  region size 2048K, 1 young (2048K), 1 survivors (2048K)
 Metaspace       used 105508K, committed 106752K, reserved 1179648K
  class space    used 14672K, committed 15232K, reserved 1048576K
GC Heap History (20 events):
Event: 13.879 GC heap after
{Heap after GC invocations=54 (full 0):
 garbage-first heap   total 325632K, used 162463K [0x0000000700000000, 0x0000000800000000)
  region size 2048K, 1 young (2048K), 1 survivors (2048K)
 Metaspace       used 95582K, committed 96640K, reserved 1179648K
  class space    used 13502K, committed 13952K, reserved 1048576K
}
Event: 19.005 GC heap before
{Heap before GC invocations=54 (full 0):
 garbage-first heap   total 325632K, used 252575K [0x0000000700000000, 0x0000000800000000)
  region size 2048K, 46 young (94208K), 1 survivors (2048K)
 Metaspace       used 97512K, committed 98560K, reserved 1179648K
  class space    used 13840K, committed 14336K, reserved 1048576K
}
Event: 19.012 GC heap after
{Heap after GC invocations=55 (full 0):
 garbage-first heap   total 325632K, used 169074K [0x0000000700000000, 0x0000000800000000)
  region size 2048K, 5 young (10240K), 5 survivors (10240K)
 Metaspace       used 97512K, committed 98560K, reserved 1179648K
  class space    used 13840K, committed 14336K, reserved 1048576K
}
Event: 22.200 GC heap before
{Heap before GC invocations=56 (full 0):
 garbage-first heap   total 325632K, used 255090K [0x0000000700000000, 0x0000000800000000)
  region size 2048K, 48 young (98304K), 5 survivors (10240K)
 Metaspace       used 99803K, committed 100992K, reserved 1179648K
  class space    used 14042K, committed 14592K, reserved 1048576K
}
Event: 22.206 GC heap after
{Heap after GC invocations=57 (full 0):
 garbage-first heap   total 325632K, used 174124K [0x0000000700000000, 0x0000000800000000)
  region size 2048K, 3 young (6144K), 3 survivors (6144K)
 Metaspace       used 99803K, committed 100992K, reserved 1179648K
  class space    used 14042K, committed 14592K, reserved 1048576K
}
Event: 22.288 GC heap before
{Heap before GC invocations=57 (full 0):
 garbage-first heap   total 325632K, used 182316K [0x0000000700000000, 0x0000000800000000)
  region size 2048K, 7 young (14336K), 3 survivors (6144K)
 Metaspace       used 100481K, committed 101696K, reserved 1179648K
  class space    used 14119K, committed 14656K, reserved 1048576K
}
Event: 22.291 GC heap after
{Heap after GC invocations=58 (full 0):
 garbage-first heap   total 325632K, used 174978K [0x0000000700000000, 0x0000000800000000)
  region size 2048K, 1 young (2048K), 1 survivors (2048K)
 Metaspace       used 100481K, committed 101696K, reserved 1179648K
  class space    used 14119K, committed 14656K, reserved 1048576K
}
Event: 24.239 GC heap before
{Heap before GC invocations=58 (full 0):
 garbage-first heap   total 325632K, used 260994K [0x0000000700000000, 0x0000000800000000)
  region size 2048K, 44 young (90112K), 1 survivors (2048K)
 Metaspace       used 101414K, committed 102592K, reserved 1179648K
  class space    used 14181K, committed 14720K, reserved 1048576K
}
Event: 24.244 GC heap after
{Heap after GC invocations=59 (full 0):
 garbage-first heap   total 325632K, used 182930K [0x0000000700000000, 0x0000000800000000)
  region size 2048K, 5 young (10240K), 5 survivors (10240K)
 Metaspace       used 101414K, committed 102592K, reserved 1179648K
  class space    used 14181K, committed 14720K, reserved 1048576K
}
Event: 24.918 GC heap before
{Heap before GC invocations=59 (full 0):
 garbage-first heap   total 325632K, used 264850K [0x0000000700000000, 0x0000000800000000)
  region size 2048K, 45 young (92160K), 5 survivors (10240K)
 Metaspace       used 102448K, committed 103616K, reserved 1179648K
  class space    used 14306K, committed 14848K, reserved 1048576K
}
Event: 24.925 GC heap after
{Heap after GC invocations=60 (full 0):
 garbage-first heap   total 325632K, used 190409K [0x0000000700000000, 0x0000000800000000)
  region size 2048K, 4 young (8192K), 4 survivors (8192K)
 Metaspace       used 102448K, committed 103616K, reserved 1179648K
  class space    used 14306K, committed 14848K, reserved 1048576K
}
Event: 25.787 GC heap before
{Heap before GC invocations=60 (full 0):
 garbage-first heap   total 325632K, used 264137K [0x0000000700000000, 0x0000000800000000)
  region size 2048K, 41 young (83968K), 4 survivors (8192K)
 Metaspace       used 103520K, committed 104768K, reserved 1179648K
  class space    used 14420K, committed 14976K, reserved 1048576K
}
Event: 25.793 GC heap after
{Heap after GC invocations=61 (full 0):
 garbage-first heap   total 325632K, used 196819K [0x0000000700000000, 0x0000000800000000)
  region size 2048K, 4 young (8192K), 4 survivors (8192K)
 Metaspace       used 103520K, committed 104768K, reserved 1179648K
  class space    used 14420K, committed 14976K, reserved 1048576K
}
Event: 26.325 GC heap before
{Heap before GC invocations=61 (full 0):
 garbage-first heap   total 325632K, used 239827K [0x0000000700000000, 0x0000000800000000)
  region size 2048K, 16 young (32768K), 4 survivors (8192K)
 Metaspace       used 105508K, committed 106752K, reserved 1179648K
  class space    used 14672K, committed 15232K, reserved 1048576K
}
Event: 26.328 GC heap after
{Heap after GC invocations=62 (full 0):
 garbage-first heap   total 325632K, used 202950K [0x0000000700000000, 0x0000000800000000)
  region size 2048K, 1 young (2048K), 1 survivors (2048K)
 Metaspace       used 105508K, committed 106752K, reserved 1179648K
  class space    used 14672K, committed 15232K, reserved 1048576K
}
Event: 26.352 GC heap before
{Heap before GC invocations=62 (full 0):
 garbage-first heap   total 325632K, used 221382K [0x0000000700000000, 0x0000000800000000)
  region size 2048K, 2 young (4096K), 1 survivors (2048K)
 Metaspace       used 105508K, committed 106752K, reserved 1179648K
  class space    used 14672K, committed 15232K, reserved 1048576K
}
Event: 26.354 GC heap after
{Heap after GC invocations=63 (full 0):
 garbage-first heap   total 325632K, used 204526K [0x0000000700000000, 0x0000000800000000)
  region size 2048K, 1 young (2048K), 1 survivors (2048K)
 Metaspace       used 105508K, committed 106752K, reserved 1179648K
  class space    used 14672K, committed 15232K, reserved 1048576K
}
Event: 26.369 GC heap before
{Heap before GC invocations=63 (full 0):
 garbage-first heap   total 325632K, used 214766K [0x0000000700000000, 0x0000000800000000)
  region size 2048K, 2 young (4096K), 1 survivors (2048K)
 Metaspace       used 105508K, committed 106752K, reserved 1179648K
  class space    used 14672K, committed 15232K, reserved 1048576K
}
Event: 26.371 GC heap after
{Heap after GC invocations=64 (full 0):
 garbage-first heap   total 325632K, used 204410K [0x0000000700000000, 0x0000000800000000)
  region size 2048K, 1 young (2048K), 1 survivors (2048K)
 Metaspace       used 105508K, committed 106752K, reserved 1179648K
  class space    used 14672K, committed 15232K, reserved 1048576K
}
Event: 26.386 GC heap before
{Heap before GC invocations=64 (full 0):
 garbage-first heap   total 325632K, used 212602K [0x0000000700000000, 0x0000000800000000)
  region size 2048K, 2 young (4096K), 1 survivors (2048K)
 Metaspace       used 105508K, committed 106752K, reserved 1179648K
  class space    used 14672K, committed 15232K, reserved 1048576K
}

