# JRE version: OpenJDK Runtime Environment Microsoft-9889599 (17.0.12+7) (build 17.0.12+7-LTS)
# Java VM: OpenJDK 64-Bit Server VM Microsoft-9889599 (17.0.12+7-LTS, mixed mode, sharing, tiered, compressed oops, compressed class ptrs, g1 gc, windows-amd64)
GC Precious Log:
 CPUs: 12 total, 12 available
 Memory: 15761M
 Large Page Support: Disabled
 NUMA Support: Disabled
 Compressed Oops: Enabled (Zero based)
 Heap Region Size: 2M
 Heap Min Capacity: 8M
 Heap Initial Capacity: 248M
 Heap Max Capacity: 4G
 Pre-touch: Disabled
 Parallel Workers: 10
 Concurrent Workers: 3
 Concurrent Refinement Workers: 10
 Periodic GC: Disabled
Heap:
 garbage-first heap   total 540672K, used 266522K [0x0000000700000000, 0x0000000800000000)
  region size 2048K, 19 young (38912K), 1 survivors (2048K)
 Metaspace       used 133337K, committed 134784K, reserved 1179648K
  class space    used 18160K, committed 18816K, reserved 1048576K
GC Heap History (20 events):
Event: 161.055 GC heap before
{Heap before GC invocations=68 (full 0):
 garbage-first heap   total 245760K, used 207945K [0x0000000700000000, 0x0000000800000000)
  region size 2048K, 16 young (32768K), 3 survivors (6144K)
 Metaspace       used 123593K, committed 124928K, reserved 1179648K
  class space    used 16936K, committed 17536K, reserved 1048576K
}
Event: 161.060 GC heap after
{Heap after GC invocations=69 (full 0):
 garbage-first heap   total 294912K, used 186368K [0x0000000700000000, 0x0000000800000000)
  region size 2048K, 2 young (4096K), 2 survivors (4096K)
 Metaspace       used 123593K, committed 124928K, reserved 1179648K
  class space    used 16936K, committed 17536K, reserved 1048576K
}
Event: 162.106 GC heap before
{Heap before GC invocations=69 (full 0):
 garbage-first heap   total 294912K, used 237568K [0x0000000700000000, 0x0000000800000000)
  region size 2048K, 27 young (55296K), 2 survivors (4096K)
 Metaspace       used 127706K, committed 129024K, reserved 1179648K
  class space    used 17518K, committed 18112K, reserved 1048576K
}
Event: 162.112 GC heap after
{Heap after GC invocations=70 (full 0):
 garbage-first heap   total 294912K, used 193563K [0x0000000700000000, 0x0000000800000000)
  region size 2048K, 4 young (8192K), 4 survivors (8192K)
 Metaspace       used 127706K, committed 129024K, reserved 1179648K
  class space    used 17518K, committed 18112K, reserved 1048576K
}
Event: 162.426 GC heap before
{Heap before GC invocations=70 (full 0):
 garbage-first heap   total 294912K, used 238619K [0x0000000700000000, 0x0000000800000000)
  region size 2048K, 26 young (53248K), 4 survivors (8192K)
 Metaspace       used 128649K, committed 130048K, reserved 1179648K
  class space    used 17643K, committed 18240K, reserved 1048576K
}
Event: 162.432 GC heap after
{Heap after GC invocations=71 (full 0):
 garbage-first heap   total 294912K, used 199821K [0x0000000700000000, 0x0000000800000000)
  region size 2048K, 3 young (6144K), 3 survivors (6144K)
 Metaspace       used 128649K, committed 130048K, reserved 1179648K
  class space    used 17643K, committed 18240K, reserved 1048576K
}
Event: 170.272 GC heap before
{Heap before GC invocations=71 (full 0):
 garbage-first heap   total 294912K, used 240781K [0x0000000700000000, 0x0000000800000000)
  region size 2048K, 24 young (49152K), 3 survivors (6144K)
 Metaspace       used 129727K, committed 131136K, reserved 1179648K
  class space    used 17723K, committed 18368K, reserved 1048576K
}
Event: 170.276 GC heap after
{Heap after GC invocations=72 (full 0):
 garbage-first heap   total 294912K, used 203143K [0x0000000700000000, 0x0000000800000000)
  region size 2048K, 2 young (4096K), 2 survivors (4096K)
 Metaspace       used 129727K, committed 131136K, reserved 1179648K
  class space    used 17723K, committed 18368K, reserved 1048576K
}
Event: 171.606 GC heap before
{Heap before GC invocations=72 (full 0):
 garbage-first heap   total 294912K, used 242055K [0x0000000700000000, 0x0000000800000000)
  region size 2048K, 22 young (45056K), 2 survivors (4096K)
 Metaspace       used 129898K, committed 131328K, reserved 1179648K
  class space    used 17735K, committed 18368K, reserved 1048576K
}
Event: 171.610 GC heap after
{Heap after GC invocations=73 (full 0):
 garbage-first heap   total 294912K, used 207066K [0x0000000700000000, 0x0000000800000000)
  region size 2048K, 3 young (6144K), 3 survivors (6144K)
 Metaspace       used 129898K, committed 131328K, reserved 1179648K
  class space    used 17735K, committed 18368K, reserved 1048576K
}
Event: 172.079 GC heap before
{Heap before GC invocations=73 (full 0):
 garbage-first heap   total 294912K, used 235738K [0x0000000700000000, 0x0000000800000000)
  region size 2048K, 18 young (36864K), 3 survivors (6144K)
 Metaspace       used 130696K, committed 132160K, reserved 1179648K
  class space    used 17830K, committed 18496K, reserved 1048576K
}
Event: 172.084 GC heap after
{Heap after GC invocations=74 (full 0):
 garbage-first heap   total 294912K, used 211306K [0x0000000700000000, 0x0000000800000000)
  region size 2048K, 2 young (4096K), 2 survivors (4096K)
 Metaspace       used 130696K, committed 132160K, reserved 1179648K
  class space    used 17830K, committed 18496K, reserved 1048576K
}
Event: 172.119 GC heap before
{Heap before GC invocations=74 (full 0):
 garbage-first heap   total 294912K, used 254314K [0x0000000700000000, 0x0000000800000000)
  region size 2048K, 4 young (8192K), 2 survivors (4096K)
 Metaspace       used 130713K, committed 132160K, reserved 1179648K
  class space    used 17832K, committed 18496K, reserved 1048576K
}
Event: 172.121 GC heap after
{Heap after GC invocations=75 (full 0):
 garbage-first heap   total 294912K, used 252993K [0x0000000700000000, 0x0000000800000000)
  region size 2048K, 1 young (2048K), 1 survivors (2048K)
 Metaspace       used 130713K, committed 132160K, reserved 1179648K
  class space    used 17832K, committed 18496K, reserved 1048576K
}
Event: 172.268 GC heap before
{Heap before GC invocations=75 (full 0):
 garbage-first heap   total 512000K, used 304193K [0x0000000700000000, 0x0000000800000000)
  region size 2048K, 8 young (16384K), 1 survivors (2048K)
 Metaspace       used 130726K, committed 132160K, reserved 1179648K
  class space    used 17830K, committed 18496K, reserved 1048576K
}
Event: 172.270 GC heap after
{Heap after GC invocations=76 (full 0):
 garbage-first heap   total 512000K, used 294101K [0x0000000700000000, 0x0000000800000000)
  region size 2048K, 1 young (2048K), 1 survivors (2048K)
 Metaspace       used 130726K, committed 132160K, reserved 1179648K
  class space    used 17830K, committed 18496K, reserved 1048576K
}
Event: 176.220 GC heap before
{Heap before GC invocations=77 (full 0):
 garbage-first heap   total 534528K, used 529621K [0x0000000700000000, 0x0000000800000000)
  region size 2048K, 30 young (61440K), 1 survivors (2048K)
 Metaspace       used 133030K, committed 134528K, reserved 1179648K
  class space    used 18148K, committed 18816K, reserved 1048576K
}
Event: 176.225 GC heap after
{Heap after GC invocations=78 (full 0):
 garbage-first heap   total 540672K, used 258053K [0x0000000700000000, 0x0000000800000000)
  region size 2048K, 3 young (6144K), 3 survivors (6144K)
 Metaspace       used 133030K, committed 134528K, reserved 1179648K
  class space    used 18148K, committed 18816K, reserved 1048576K
}
Event: 584.923 GC heap before
{Heap before GC invocations=78 (full 0):
 garbage-first heap   total 540672K, used 278533K [0x0000000700000000, 0x0000000800000000)
  region size 2048K, 13 young (26624K), 3 survivors (6144K)
 Metaspace       used 133199K, committed 134656K, reserved 1179648K
  class space    used 18155K, committed 18816K, reserved 1048576K
}
Event: 584.931 GC heap after
{Heap after GC invocations=79 (full 0):
 garbage-first heap   total 540672K, used 233754K [0x0000000700000000, 0x0000000800000000)
  region size 2048K, 1 young (2048K), 1 survivors (2048K)
 Metaspace       used 133199K, committed 134656K, reserved 1179648K
  class space    used 18155K, committed 18816K, reserved 1048576K
}

