# JRE version: OpenJDK Runtime Environment Microsoft-9889599 (17.0.12+7) (build 17.0.12+7-LTS)
# Java VM: OpenJDK 64-Bit Server VM Microsoft-9889599 (17.0.12+7-LTS, mixed mode, sharing, tiered, compressed oops, compressed class ptrs, g1 gc, windows-amd64)
GC Precious Log:
 CPUs: 12 total, 12 available
 Memory: 15761M
 Large Page Support: Disabled
 NUMA Support: Disabled
 Compressed Oops: Enabled (Zero based)
 Heap Region Size: 2M
 Heap Min Capacity: 8M
 Heap Initial Capacity: 248M
 Heap Max Capacity: 4G
 Pre-touch: Disabled
 Parallel Workers: 10
 Concurrent Workers: 3
 Concurrent Refinement Workers: 10
 Periodic GC: Disabled
Heap:
 garbage-first heap   total 307200K, used 210659K [0x0000000700000000, 0x0000000800000000)
  region size 2048K, 23 young (47104K), 1 survivors (2048K)
 Metaspace       used 98195K, committed 99328K, reserved 1179648K
  class space    used 13880K, committed 14400K, reserved 1048576K
GC Heap History (20 events):
Event: 15.323 GC heap before
{Heap before GC invocations=42 (full 0):
 garbage-first heap   total 182272K, used 152640K [0x0000000700000000, 0x0000000800000000)
  region size 2048K, 25 young (51200K), 3 survivors (6144K)
 Metaspace       used 86357K, committed 87168K, reserved 1179648K
  class space    used 12212K, committed 12608K, reserved 1048576K
}
Event: 15.328 GC heap after
{Heap after GC invocations=43 (full 0):
 garbage-first heap   total 182272K, used 111702K [0x0000000700000000, 0x0000000800000000)
  region size 2048K, 4 young (8192K), 4 survivors (8192K)
 Metaspace       used 86357K, committed 87168K, reserved 1179648K
  class space    used 12212K, committed 12608K, reserved 1048576K
}
Event: 15.672 GC heap before
{Heap before GC invocations=44 (full 0):
 garbage-first heap   total 198656K, used 150614K [0x0000000700000000, 0x0000000800000000)
  region size 2048K, 23 young (47104K), 4 survivors (8192K)
 Metaspace       used 87647K, committed 88576K, reserved 1179648K
  class space    used 12432K, committed 12864K, reserved 1048576K
}
Event: 15.677 GC heap after
{Heap after GC invocations=45 (full 0):
 garbage-first heap   total 198656K, used 120790K [0x0000000700000000, 0x0000000800000000)
  region size 2048K, 3 young (6144K), 3 survivors (6144K)
 Metaspace       used 87647K, committed 88576K, reserved 1179648K
  class space    used 12432K, committed 12864K, reserved 1048576K
}
Event: 16.037 GC heap before
{Heap before GC invocations=45 (full 0):
 garbage-first heap   total 198656K, used 157654K [0x0000000700000000, 0x0000000800000000)
  region size 2048K, 22 young (45056K), 3 survivors (6144K)
 Metaspace       used 88217K, committed 89152K, reserved 1179648K
  class space    used 12495K, committed 12928K, reserved 1048576K
}
Event: 16.042 GC heap after
{Heap after GC invocations=46 (full 0):
 garbage-first heap   total 198656K, used 127528K [0x0000000700000000, 0x0000000800000000)
  region size 2048K, 3 young (6144K), 3 survivors (6144K)
 Metaspace       used 88217K, committed 89152K, reserved 1179648K
  class space    used 12495K, committed 12928K, reserved 1048576K
}
Event: 16.374 GC heap before
{Heap before GC invocations=47 (full 0):
 garbage-first heap   total 223232K, used 158248K [0x0000000700000000, 0x0000000800000000)
  region size 2048K, 19 young (38912K), 3 survivors (6144K)
 Metaspace       used 88551K, committed 89536K, reserved 1179648K
  class space    used 12531K, committed 12992K, reserved 1048576K
}
Event: 16.378 GC heap after
{Heap after GC invocations=48 (full 0):
 garbage-first heap   total 223232K, used 135001K [0x0000000700000000, 0x0000000800000000)
  region size 2048K, 3 young (6144K), 3 survivors (6144K)
 Metaspace       used 88551K, committed 89536K, reserved 1179648K
  class space    used 12531K, committed 12992K, reserved 1048576K
}
Event: 16.672 GC heap before
{Heap before GC invocations=48 (full 0):
 garbage-first heap   total 223232K, used 175961K [0x0000000700000000, 0x0000000800000000)
  region size 2048K, 24 young (49152K), 3 survivors (6144K)
 Metaspace       used 88973K, committed 89984K, reserved 1179648K
  class space    used 12583K, committed 13056K, reserved 1048576K
}
Event: 16.679 GC heap after
{Heap after GC invocations=49 (full 0):
 garbage-first heap   total 223232K, used 148122K [0x0000000700000000, 0x0000000800000000)
  region size 2048K, 3 young (6144K), 3 survivors (6144K)
 Metaspace       used 88973K, committed 89984K, reserved 1179648K
  class space    used 12583K, committed 13056K, reserved 1048576K
}
Event: 17.007 GC heap before
{Heap before GC invocations=50 (full 0):
 garbage-first heap   total 256000K, used 176794K [0x0000000700000000, 0x0000000800000000)
  region size 2048K, 17 young (34816K), 3 survivors (6144K)
 Metaspace       used 90724K, committed 91776K, reserved 1179648K
  class space    used 12847K, committed 13312K, reserved 1048576K
}
Event: 17.010 GC heap after
{Heap after GC invocations=51 (full 0):
 garbage-first heap   total 256000K, used 151480K [0x0000000700000000, 0x0000000800000000)
  region size 2048K, 2 young (4096K), 2 survivors (4096K)
 Metaspace       used 90724K, committed 91776K, reserved 1179648K
  class space    used 12847K, committed 13312K, reserved 1048576K
}
Event: 17.071 GC heap before
{Heap before GC invocations=51 (full 0):
 garbage-first heap   total 256000K, used 159672K [0x0000000700000000, 0x0000000800000000)
  region size 2048K, 6 young (12288K), 2 survivors (4096K)
 Metaspace       used 91516K, committed 92544K, reserved 1179648K
  class space    used 12978K, committed 13440K, reserved 1048576K
}
Event: 17.073 GC heap after
{Heap after GC invocations=52 (full 0):
 garbage-first heap   total 256000K, used 151247K [0x0000000700000000, 0x0000000800000000)
  region size 2048K, 1 young (2048K), 1 survivors (2048K)
 Metaspace       used 91516K, committed 92544K, reserved 1179648K
  class space    used 12978K, committed 13440K, reserved 1048576K
}
Event: 17.549 GC heap before
{Heap before GC invocations=52 (full 0):
 garbage-first heap   total 256000K, used 198351K [0x0000000700000000, 0x0000000800000000)
  region size 2048K, 24 young (49152K), 1 survivors (2048K)
 Metaspace       used 95503K, committed 96512K, reserved 1179648K
  class space    used 13480K, committed 13952K, reserved 1048576K
}
Event: 17.553 GC heap after
{Heap after GC invocations=53 (full 0):
 garbage-first heap   total 307200K, used 155352K [0x0000000700000000, 0x0000000800000000)
  region size 2048K, 3 young (6144K), 3 survivors (6144K)
 Metaspace       used 95503K, committed 96512K, reserved 1179648K
  class space    used 13480K, committed 13952K, reserved 1048576K
}
Event: 18.276 GC heap before
{Heap before GC invocations=54 (full 0):
 garbage-first heap   total 307200K, used 231128K [0x0000000700000000, 0x0000000800000000)
  region size 2048K, 40 young (81920K), 3 survivors (6144K)
 Metaspace       used 97799K, committed 98944K, reserved 1179648K
  class space    used 13819K, committed 14336K, reserved 1048576K
}
Event: 18.284 GC heap after
{Heap after GC invocations=55 (full 0):
 garbage-first heap   total 307200K, used 166502K [0x0000000700000000, 0x0000000800000000)
  region size 2048K, 5 young (10240K), 5 survivors (10240K)
 Metaspace       used 97799K, committed 98944K, reserved 1179648K
  class space    used 13819K, committed 14336K, reserved 1048576K
}
Event: 18.313 GC heap before
{Heap before GC invocations=55 (full 0):
 garbage-first heap   total 307200K, used 170598K [0x0000000700000000, 0x0000000800000000)
  region size 2048K, 7 young (14336K), 5 survivors (10240K)
 Metaspace       used 97837K, committed 98944K, reserved 1179648K
  class space    used 13828K, committed 14336K, reserved 1048576K
}
Event: 18.319 GC heap after
{Heap after GC invocations=56 (full 0):
 garbage-first heap   total 307200K, used 167651K [0x0000000700000000, 0x0000000800000000)
  region size 2048K, 1 young (2048K), 1 survivors (2048K)
 Metaspace       used 97837K, committed 98944K, reserved 1179648K
  class space    used 13828K, committed 14336K, reserved 1048576K
}

