# JRE version: OpenJDK Runtime Environment Microsoft-9889599 (17.0.12+7) (build 17.0.12+7-LTS)
# Java VM: OpenJDK 64-Bit Server VM Microsoft-9889599 (17.0.12+7-LTS, mixed mode, sharing, tiered, compressed oops, compressed class ptrs, g1 gc, windows-amd64)
GC Precious Log:
 CPUs: 12 total, 12 available
 Memory: 15761M
 Large Page Support: Disabled
 NUMA Support: Disabled
 Compressed Oops: Enabled (Zero based)
 Heap Region Size: 2M
 Heap Min Capacity: 8M
 Heap Initial Capacity: 248M
 Heap Max Capacity: 4G
 Pre-touch: Disabled
 Parallel Workers: 10
 Concurrent Workers: 3
 Concurrent Refinement Workers: 10
 Periodic GC: Disabled
Heap:
 garbage-first heap   total 342016K, used 252345K [0x0000000700000000, 0x0000000800000000)
  region size 2048K, 35 young (71680K), 4 survivors (8192K)
 Metaspace       used 131109K, committed 132480K, reserved 1179648K
  class space    used 18355K, committed 19008K, reserved 1048576K
GC Heap History (20 events):
Event: 16.572 GC heap before
{Heap before GC invocations=52 (full 0):
 garbage-first heap   total 260096K, used 204944K [0x0000000700000000, 0x0000000800000000)
  region size 2048K, 31 young (63488K), 4 survivors (8192K)
 Metaspace       used 97403K, committed 98432K, reserved 1179648K
  class space    used 13764K, committed 14272K, reserved 1048576K
}
Event: 16.578 GC heap after
{Heap after GC invocations=53 (full 0):
 garbage-first heap   total 260096K, used 158804K [0x0000000700000000, 0x0000000800000000)
  region size 2048K, 4 young (8192K), 4 survivors (8192K)
 Metaspace       used 97403K, committed 98432K, reserved 1179648K
  class space    used 13764K, committed 14272K, reserved 1048576K
}
Event: 22.292 GC heap before
{Heap before GC invocations=54 (full 0):
 garbage-first heap   total 284672K, used 207956K [0x0000000700000000, 0x0000000800000000)
  region size 2048K, 29 young (59392K), 4 survivors (8192K)
 Metaspace       used 98409K, committed 99392K, reserved 1179648K
  class space    used 13920K, committed 14400K, reserved 1048576K
}
Event: 22.297 GC heap after
{Heap after GC invocations=55 (full 0):
 garbage-first heap   total 284672K, used 161841K [0x0000000700000000, 0x0000000800000000)
  region size 2048K, 3 young (6144K), 3 survivors (6144K)
 Metaspace       used 98409K, committed 99392K, reserved 1179648K
  class space    used 13920K, committed 14400K, reserved 1048576K
}
Event: 22.395 GC heap before
{Heap before GC invocations=55 (full 0):
 garbage-first heap   total 284672K, used 167985K [0x0000000700000000, 0x0000000800000000)
  region size 2048K, 6 young (12288K), 3 survivors (6144K)
 Metaspace       used 98486K, committed 99456K, reserved 1179648K
  class space    used 13924K, committed 14400K, reserved 1048576K
}
Event: 22.398 GC heap after
{Heap after GC invocations=56 (full 0):
 garbage-first heap   total 284672K, used 161675K [0x0000000700000000, 0x0000000800000000)
  region size 2048K, 1 young (2048K), 1 survivors (2048K)
 Metaspace       used 98486K, committed 99456K, reserved 1179648K
  class space    used 13924K, committed 14400K, reserved 1048576K
}
Event: 24.610 GC heap before
{Heap before GC invocations=56 (full 0):
 garbage-first heap   total 284672K, used 227211K [0x0000000700000000, 0x0000000800000000)
  region size 2048K, 34 young (69632K), 1 survivors (2048K)
 Metaspace       used 101178K, committed 102208K, reserved 1179648K
  class space    used 14186K, committed 14656K, reserved 1048576K
}
Event: 24.613 GC heap after
{Heap after GC invocations=57 (full 0):
 garbage-first heap   total 342016K, used 165833K [0x0000000700000000, 0x0000000800000000)
  region size 2048K, 3 young (6144K), 3 survivors (6144K)
 Metaspace       used 101178K, committed 102208K, reserved 1179648K
  class space    used 14186K, committed 14656K, reserved 1048576K
}
Event: 25.670 GC heap before
{Heap before GC invocations=58 (full 0):
 garbage-first heap   total 342016K, used 272329K [0x0000000700000000, 0x0000000800000000)
  region size 2048K, 56 young (114688K), 3 survivors (6144K)
 Metaspace       used 107000K, committed 108032K, reserved 1179648K
  class space    used 14708K, committed 15168K, reserved 1048576K
}
Event: 25.676 GC heap after
{Heap after GC invocations=59 (full 0):
 garbage-first heap   total 342016K, used 171675K [0x0000000700000000, 0x0000000800000000)
  region size 2048K, 6 young (12288K), 6 survivors (12288K)
 Metaspace       used 107000K, committed 108032K, reserved 1179648K
  class space    used 14708K, committed 15168K, reserved 1048576K
}
Event: 25.702 GC heap before
{Heap before GC invocations=59 (full 0):
 garbage-first heap   total 342016K, used 175771K [0x0000000700000000, 0x0000000800000000)
  region size 2048K, 8 young (16384K), 6 survivors (12288K)
 Metaspace       used 107017K, committed 108032K, reserved 1179648K
  class space    used 14708K, committed 15168K, reserved 1048576K
}
Event: 25.707 GC heap after
{Heap after GC invocations=60 (full 0):
 garbage-first heap   total 342016K, used 172063K [0x0000000700000000, 0x0000000800000000)
  region size 2048K, 1 young (2048K), 1 survivors (2048K)
 Metaspace       used 107017K, committed 108032K, reserved 1179648K
  class space    used 14708K, committed 15168K, reserved 1048576K
}
Event: 28.470 GC heap before
{Heap before GC invocations=60 (full 0):
 garbage-first heap   total 342016K, used 274463K [0x0000000700000000, 0x0000000800000000)
  region size 2048K, 52 young (106496K), 1 survivors (2048K)
 Metaspace       used 108807K, committed 109888K, reserved 1179648K
  class space    used 14901K, committed 15424K, reserved 1048576K
}
Event: 28.475 GC heap after
{Heap after GC invocations=61 (full 0):
 garbage-first heap   total 342016K, used 178661K [0x0000000700000000, 0x0000000800000000)
  region size 2048K, 5 young (10240K), 5 survivors (10240K)
 Metaspace       used 108807K, committed 109888K, reserved 1179648K
  class space    used 14901K, committed 15424K, reserved 1048576K
}
Event: 30.672 GC heap before
{Heap before GC invocations=62 (full 0):
 garbage-first heap   total 342016K, used 274917K [0x0000000700000000, 0x0000000800000000)
  region size 2048K, 53 young (108544K), 5 survivors (10240K)
 Metaspace       used 115220K, committed 116416K, reserved 1179648K
  class space    used 15572K, committed 16128K, reserved 1048576K
}
Event: 30.680 GC heap after
{Heap after GC invocations=63 (full 0):
 garbage-first heap   total 342016K, used 185044K [0x0000000700000000, 0x0000000800000000)
  region size 2048K, 4 young (8192K), 4 survivors (8192K)
 Metaspace       used 115220K, committed 116416K, reserved 1179648K
  class space    used 15572K, committed 16128K, reserved 1048576K
}
Event: 30.739 GC heap before
{Heap before GC invocations=63 (full 0):
 garbage-first heap   total 342016K, used 191188K [0x0000000700000000, 0x0000000800000000)
  region size 2048K, 8 young (16384K), 4 survivors (8192K)
 Metaspace       used 115277K, committed 116480K, reserved 1179648K
  class space    used 15579K, committed 16128K, reserved 1048576K
}
Event: 30.743 GC heap after
{Heap after GC invocations=64 (full 0):
 garbage-first heap   total 342016K, used 185276K [0x0000000700000000, 0x0000000800000000)
  region size 2048K, 1 young (2048K), 1 survivors (2048K)
 Metaspace       used 115277K, committed 116480K, reserved 1179648K
  class space    used 15579K, committed 16128K, reserved 1048576K
}
Event: 32.243 GC heap before
{Heap before GC invocations=64 (full 0):
 garbage-first heap   total 342016K, used 281532K [0x0000000700000000, 0x0000000800000000)
  region size 2048K, 48 young (98304K), 1 survivors (2048K)
 Metaspace       used 125465K, committed 126720K, reserved 1179648K
  class space    used 17312K, committed 17920K, reserved 1048576K
}
Event: 32.247 GC heap after
{Heap after GC invocations=65 (full 0):
 garbage-first heap   total 342016K, used 192953K [0x0000000700000000, 0x0000000800000000)
  region size 2048K, 4 young (8192K), 4 survivors (8192K)
 Metaspace       used 125465K, committed 126720K, reserved 1179648K
  class space    used 17312K, committed 17920K, reserved 1048576K
}

