# JRE version: OpenJDK Runtime Environment Microsoft-9889599 (17.0.12+7) (build 17.0.12+7-LTS)
# Java VM: OpenJDK 64-Bit Server VM Microsoft-9889599 (17.0.12+7-LTS, mixed mode, sharing, tiered, compressed oops, compressed class ptrs, g1 gc, windows-amd64)
GC Precious Log:
 CPUs: 12 total, 12 available
 Memory: 15761M
 Large Page Support: Disabled
 NUMA Support: Disabled
 Compressed Oops: Enabled (Zero based)
 Heap Region Size: 2M
 Heap Min Capacity: 8M
 Heap Initial Capacity: 248M
 Heap Max Capacity: 4G
 Pre-touch: Disabled
 Parallel Workers: 10
 Concurrent Workers: 3
 Concurrent Refinement Workers: 10
 Periodic GC: Disabled
Heap:
 garbage-first heap   total 96256K, used 58787K [0x0000000700000000, 0x0000000800000000)
  region size 2048K, 3 young (6144K), 2 survivors (4096K)
 Metaspace       used 57408K, committed 57920K, reserved 1114112K
  class space    used 8156K, committed 8384K, reserved 1048576K
GC Heap History (20 events):
Event: 10.142 GC heap before
{Heap before GC invocations=8 (full 0):
 garbage-first heap   total 90112K, used 48969K [0x0000000700000000, 0x0000000800000000)
  region size 2048K, 12 young (24576K), 1 survivors (2048K)
 Metaspace       used 35506K, committed 35968K, reserved 1114112K
  class space    used 4888K, committed 5056K, reserved 1048576K
}
Event: 10.144 GC heap after
{Heap after GC invocations=9 (full 0):
 garbage-first heap   total 90112K, used 31412K [0x0000000700000000, 0x0000000800000000)
  region size 2048K, 2 young (4096K), 2 survivors (4096K)
 Metaspace       used 35506K, committed 35968K, reserved 1114112K
  class space    used 4888K, committed 5056K, reserved 1048576K
}
Event: 10.698 GC heap before
{Heap before GC invocations=10 (full 0):
 garbage-first heap   total 90112K, used 68276K [0x0000000700000000, 0x0000000800000000)
  region size 2048K, 20 young (40960K), 2 survivors (4096K)
 Metaspace       used 39296K, committed 39680K, reserved 1114112K
  class space    used 5527K, committed 5696K, reserved 1048576K
}
Event: 10.701 GC heap after
{Heap after GC invocations=11 (full 0):
 garbage-first heap   total 90112K, used 33026K [0x0000000700000000, 0x0000000800000000)
  region size 2048K, 3 young (6144K), 3 survivors (6144K)
 Metaspace       used 39296K, committed 39680K, reserved 1114112K
  class space    used 5527K, committed 5696K, reserved 1048576K
}
Event: 10.729 GC heap before
{Heap before GC invocations=11 (full 0):
 garbage-first heap   total 90112K, used 35074K [0x0000000700000000, 0x0000000800000000)
  region size 2048K, 4 young (8192K), 3 survivors (6144K)
 Metaspace       used 39471K, committed 39936K, reserved 1114112K
  class space    used 5556K, committed 5760K, reserved 1048576K
}
Event: 10.732 GC heap after
{Heap after GC invocations=12 (full 0):
 garbage-first heap   total 90112K, used 33192K [0x0000000700000000, 0x0000000800000000)
  region size 2048K, 1 young (2048K), 1 survivors (2048K)
 Metaspace       used 39471K, committed 39936K, reserved 1114112K
  class space    used 5556K, committed 5760K, reserved 1048576K
}
Event: 11.287 GC heap before
{Heap before GC invocations=12 (full 0):
 garbage-first heap   total 90112K, used 70056K [0x0000000700000000, 0x0000000800000000)
  region size 2048K, 19 young (38912K), 1 survivors (2048K)
 Metaspace       used 43965K, committed 44544K, reserved 1114112K
  class space    used 6264K, committed 6528K, reserved 1048576K
}
Event: 11.289 GC heap after
{Heap after GC invocations=13 (full 0):
 garbage-first heap   total 90112K, used 34356K [0x0000000700000000, 0x0000000800000000)
  region size 2048K, 1 young (2048K), 1 survivors (2048K)
 Metaspace       used 43965K, committed 44544K, reserved 1114112K
  class space    used 6264K, committed 6528K, reserved 1048576K
}
Event: 11.703 GC heap before
{Heap before GC invocations=13 (full 0):
 garbage-first heap   total 90112K, used 71220K [0x0000000700000000, 0x0000000800000000)
  region size 2048K, 19 young (38912K), 1 survivors (2048K)
 Metaspace       used 48172K, committed 48704K, reserved 1114112K
  class space    used 6789K, committed 7040K, reserved 1048576K
}
Event: 11.705 GC heap after
{Heap after GC invocations=14 (full 0):
 garbage-first heap   total 90112K, used 36155K [0x0000000700000000, 0x0000000800000000)
  region size 2048K, 2 young (4096K), 2 survivors (4096K)
 Metaspace       used 48172K, committed 48704K, reserved 1114112K
  class space    used 6789K, committed 7040K, reserved 1048576K
}
Event: 12.393 GC heap before
{Heap before GC invocations=14 (full 0):
 garbage-first heap   total 90112K, used 70971K [0x0000000700000000, 0x0000000800000000)
  region size 2048K, 19 young (38912K), 2 survivors (4096K)
 Metaspace       used 51783K, committed 52288K, reserved 1114112K
  class space    used 7286K, committed 7552K, reserved 1048576K
}
Event: 12.396 GC heap after
{Heap after GC invocations=15 (full 0):
 garbage-first heap   total 90112K, used 37699K [0x0000000700000000, 0x0000000800000000)
  region size 2048K, 2 young (4096K), 2 survivors (4096K)
 Metaspace       used 51783K, committed 52288K, reserved 1114112K
  class space    used 7286K, committed 7552K, reserved 1048576K
}
Event: 13.143 GC heap before
{Heap before GC invocations=15 (full 0):
 garbage-first heap   total 90112K, used 72515K [0x0000000700000000, 0x0000000800000000)
  region size 2048K, 19 young (38912K), 2 survivors (4096K)
 Metaspace       used 55007K, committed 55552K, reserved 1114112K
  class space    used 7849K, committed 8128K, reserved 1048576K
}
Event: 13.147 GC heap after
{Heap after GC invocations=16 (full 0):
 garbage-first heap   total 90112K, used 40590K [0x0000000700000000, 0x0000000800000000)
  region size 2048K, 3 young (6144K), 3 survivors (6144K)
 Metaspace       used 55007K, committed 55552K, reserved 1114112K
  class space    used 7849K, committed 8128K, reserved 1048576K
}
Event: 13.961 GC heap before
{Heap before GC invocations=16 (full 0):
 garbage-first heap   total 90112K, used 69262K [0x0000000700000000, 0x0000000800000000)
  region size 2048K, 18 young (36864K), 3 survivors (6144K)
 Metaspace       used 56960K, committed 57536K, reserved 1114112K
  class space    used 8113K, committed 8384K, reserved 1048576K
}
Event: 13.965 GC heap after
{Heap after GC invocations=17 (full 0):
 garbage-first heap   total 90112K, used 43545K [0x0000000700000000, 0x0000000800000000)
  region size 2048K, 3 young (6144K), 3 survivors (6144K)
 Metaspace       used 56960K, committed 57536K, reserved 1114112K
  class space    used 8113K, committed 8384K, reserved 1048576K
}
Event: 14.175 GC heap before
{Heap before GC invocations=17 (full 0):
 garbage-first heap   total 90112K, used 66073K [0x0000000700000000, 0x0000000800000000)
  region size 2048K, 15 young (30720K), 3 survivors (6144K)
 Metaspace       used 57407K, committed 57920K, reserved 1114112K
  class space    used 8156K, committed 8384K, reserved 1048576K
}
Event: 14.178 GC heap after
{Heap after GC invocations=18 (full 0):
 garbage-first heap   total 90112K, used 49823K [0x0000000700000000, 0x0000000800000000)
  region size 2048K, 2 young (4096K), 2 survivors (4096K)
 Metaspace       used 57407K, committed 57920K, reserved 1114112K
  class space    used 8156K, committed 8384K, reserved 1048576K
}
Event: 14.273 GC heap before
{Heap before GC invocations=19 (full 0):
 garbage-first heap   total 96256K, used 55967K [0x0000000700000000, 0x0000000800000000)
  region size 2048K, 5 young (10240K), 2 survivors (4096K)
 Metaspace       used 57407K, committed 57920K, reserved 1114112K
  class space    used 8156K, committed 8384K, reserved 1048576K
}
Event: 14.275 GC heap after
{Heap after GC invocations=20 (full 0):
 garbage-first heap   total 96256K, used 56739K [0x0000000700000000, 0x0000000800000000)
  region size 2048K, 2 young (4096K), 2 survivors (4096K)
 Metaspace       used 57407K, committed 57920K, reserved 1114112K
  class space    used 8156K, committed 8384K, reserved 1048576K
}

